ERROR - 2023-03-01 02:43:21 --> Error connecting to the database: Error: Call to undefined function CodeIgniter\Database\SQLSRV\sqlsrv_configure() in D:\xampp\htdocs\Anrich-Sage\system\Database\SQLSRV\Connection.php:128
Stack trace:
#0 D:\xampp\htdocs\Anrich-Sage\system\Database\BaseConnection.php(391): CodeIgniter\Database\SQLSRV\Connection->connect(false)
#1 D:\xampp\htdocs\Anrich-Sage\system\Database\BaseConnection.php(573): CodeIgniter\Database\BaseConnection->initialize()
#2 D:\xampp\htdocs\Anrich-Sage\app\Controllers\Customer.php(25): CodeIgniter\Database\BaseConnection->query('SELECT IDCUST,I...')
#3 D:\xampp\htdocs\Anrich-Sage\system\CodeIgniter.php(934): App\Controllers\Customer->index()
#4 D:\xampp\htdocs\Anrich-Sage\system\CodeIgniter.php(499): CodeIgniter\CodeIgniter->runController(Object(App\Controllers\Customer))
#5 D:\xampp\htdocs\Anrich-Sage\system\CodeIgniter.php(368): CodeIgniter\CodeIgniter->handleRequest(NULL, Object(Config\Cache), false)
#6 D:\xampp\htdocs\Anrich-Sage\public\index.php(67): CodeIgniter\CodeIgniter->run()
#7 {main}
CRITICAL - 2023-03-01 02:43:21 --> Unable to connect to the database.
Main connection [sqlsrv]: Call to undefined function CodeIgniter\Database\SQLSRV\sqlsrv_configure()
in SYSTEMPATH\Database\BaseConnection.php on line 427.
 1 SYSTEMPATH\Database\BaseConnection.php(573): CodeIgniter\Database\BaseConnection->initialize()
 2 APPPATH\Controllers\Customer.php(25): CodeIgniter\Database\BaseConnection->query('SELECT IDCUST,IDGRP,TEXTSNAM,NAMECUST FROM ARCUS')
 3 SYSTEMPATH\CodeIgniter.php(934): App\Controllers\Customer->index()
 4 SYSTEMPATH\CodeIgniter.php(499): CodeIgniter\CodeIgniter->runController(Object(App\Controllers\Customer))
 5 SYSTEMPATH\CodeIgniter.php(368): CodeIgniter\CodeIgniter->handleRequest(null, Object(Config\Cache), false)
 6 FCPATH\index.php(67): CodeIgniter\CodeIgniter->run()
ERROR - 2023-03-01 02:44:12 --> Error connecting to the database: Error: Call to undefined function CodeIgniter\Database\SQLSRV\sqlsrv_configure() in D:\xampp\htdocs\Anrich-Sage\system\Database\SQLSRV\Connection.php:128
Stack trace:
#0 D:\xampp\htdocs\Anrich-Sage\system\Database\BaseConnection.php(391): CodeIgniter\Database\SQLSRV\Connection->connect(false)
#1 D:\xampp\htdocs\Anrich-Sage\system\Database\BaseConnection.php(573): CodeIgniter\Database\BaseConnection->initialize()
#2 D:\xampp\htdocs\Anrich-Sage\app\Controllers\Customer.php(25): CodeIgniter\Database\BaseConnection->query('SELECT IDCUST,I...')
#3 D:\xampp\htdocs\Anrich-Sage\system\CodeIgniter.php(934): App\Controllers\Customer->index()
#4 D:\xampp\htdocs\Anrich-Sage\system\CodeIgniter.php(499): CodeIgniter\CodeIgniter->runController(Object(App\Controllers\Customer))
#5 D:\xampp\htdocs\Anrich-Sage\system\CodeIgniter.php(368): CodeIgniter\CodeIgniter->handleRequest(NULL, Object(Config\Cache), false)
#6 D:\xampp\htdocs\Anrich-Sage\public\index.php(67): CodeIgniter\CodeIgniter->run()
#7 {main}
CRITICAL - 2023-03-01 02:44:12 --> Unable to connect to the database.
Main connection [sqlsrv]: Call to undefined function CodeIgniter\Database\SQLSRV\sqlsrv_configure()
in SYSTEMPATH\Database\BaseConnection.php on line 427.
 1 SYSTEMPATH\Database\BaseConnection.php(573): CodeIgniter\Database\BaseConnection->initialize()
 2 APPPATH\Controllers\Customer.php(25): CodeIgniter\Database\BaseConnection->query('SELECT IDCUST,IDGRP,TEXTSNAM,NAMECUST FROM ARCUS')
 3 SYSTEMPATH\CodeIgniter.php(934): App\Controllers\Customer->index()
 4 SYSTEMPATH\CodeIgniter.php(499): CodeIgniter\CodeIgniter->runController(Object(App\Controllers\Customer))
 5 SYSTEMPATH\CodeIgniter.php(368): CodeIgniter\CodeIgniter->handleRequest(null, Object(Config\Cache), false)
 6 FCPATH\index.php(67): CodeIgniter\CodeIgniter->run()
ERROR - 2023-03-01 02:44:13 --> Error connecting to the database: Error: Call to undefined function CodeIgniter\Database\SQLSRV\sqlsrv_configure() in D:\xampp\htdocs\Anrich-Sage\system\Database\SQLSRV\Connection.php:128
Stack trace:
#0 D:\xampp\htdocs\Anrich-Sage\system\Database\BaseConnection.php(391): CodeIgniter\Database\SQLSRV\Connection->connect(false)
#1 D:\xampp\htdocs\Anrich-Sage\system\Database\BaseConnection.php(573): CodeIgniter\Database\BaseConnection->initialize()
#2 D:\xampp\htdocs\Anrich-Sage\app\Controllers\Customer.php(25): CodeIgniter\Database\BaseConnection->query('SELECT IDCUST,I...')
#3 D:\xampp\htdocs\Anrich-Sage\system\CodeIgniter.php(934): App\Controllers\Customer->index()
#4 D:\xampp\htdocs\Anrich-Sage\system\CodeIgniter.php(499): CodeIgniter\CodeIgniter->runController(Object(App\Controllers\Customer))
#5 D:\xampp\htdocs\Anrich-Sage\system\CodeIgniter.php(368): CodeIgniter\CodeIgniter->handleRequest(NULL, Object(Config\Cache), false)
#6 D:\xampp\htdocs\Anrich-Sage\public\index.php(67): CodeIgniter\CodeIgniter->run()
#7 {main}
CRITICAL - 2023-03-01 02:44:13 --> Unable to connect to the database.
Main connection [sqlsrv]: Call to undefined function CodeIgniter\Database\SQLSRV\sqlsrv_configure()
in SYSTEMPATH\Database\BaseConnection.php on line 427.
 1 SYSTEMPATH\Database\BaseConnection.php(573): CodeIgniter\Database\BaseConnection->initialize()
 2 APPPATH\Controllers\Customer.php(25): CodeIgniter\Database\BaseConnection->query('SELECT IDCUST,IDGRP,TEXTSNAM,NAMECUST FROM ARCUS')
 3 SYSTEMPATH\CodeIgniter.php(934): App\Controllers\Customer->index()
 4 SYSTEMPATH\CodeIgniter.php(499): CodeIgniter\CodeIgniter->runController(Object(App\Controllers\Customer))
 5 SYSTEMPATH\CodeIgniter.php(368): CodeIgniter\CodeIgniter->handleRequest(null, Object(Config\Cache), false)
 6 FCPATH\index.php(67): CodeIgniter\CodeIgniter->run()
ERROR - 2023-03-01 02:44:14 --> Error connecting to the database: Error: Call to undefined function CodeIgniter\Database\SQLSRV\sqlsrv_configure() in D:\xampp\htdocs\Anrich-Sage\system\Database\SQLSRV\Connection.php:128
Stack trace:
#0 D:\xampp\htdocs\Anrich-Sage\system\Database\BaseConnection.php(391): CodeIgniter\Database\SQLSRV\Connection->connect(false)
#1 D:\xampp\htdocs\Anrich-Sage\system\Database\BaseConnection.php(573): CodeIgniter\Database\BaseConnection->initialize()
#2 D:\xampp\htdocs\Anrich-Sage\app\Controllers\Customer.php(25): CodeIgniter\Database\BaseConnection->query('SELECT IDCUST,I...')
#3 D:\xampp\htdocs\Anrich-Sage\system\CodeIgniter.php(934): App\Controllers\Customer->index()
#4 D:\xampp\htdocs\Anrich-Sage\system\CodeIgniter.php(499): CodeIgniter\CodeIgniter->runController(Object(App\Controllers\Customer))
#5 D:\xampp\htdocs\Anrich-Sage\system\CodeIgniter.php(368): CodeIgniter\CodeIgniter->handleRequest(NULL, Object(Config\Cache), false)
#6 D:\xampp\htdocs\Anrich-Sage\public\index.php(67): CodeIgniter\CodeIgniter->run()
#7 {main}
CRITICAL - 2023-03-01 02:44:14 --> Unable to connect to the database.
Main connection [sqlsrv]: Call to undefined function CodeIgniter\Database\SQLSRV\sqlsrv_configure()
in SYSTEMPATH\Database\BaseConnection.php on line 427.
 1 SYSTEMPATH\Database\BaseConnection.php(573): CodeIgniter\Database\BaseConnection->initialize()
 2 APPPATH\Controllers\Customer.php(25): CodeIgniter\Database\BaseConnection->query('SELECT IDCUST,IDGRP,TEXTSNAM,NAMECUST FROM ARCUS')
 3 SYSTEMPATH\CodeIgniter.php(934): App\Controllers\Customer->index()
 4 SYSTEMPATH\CodeIgniter.php(499): CodeIgniter\CodeIgniter->runController(Object(App\Controllers\Customer))
 5 SYSTEMPATH\CodeIgniter.php(368): CodeIgniter\CodeIgniter->handleRequest(null, Object(Config\Cache), false)
 6 FCPATH\index.php(67): CodeIgniter\CodeIgniter->run()
ERROR - 2023-03-01 02:45:06 --> Error connecting to the database: Error: Call to undefined function CodeIgniter\Database\SQLSRV\sqlsrv_configure() in D:\xampp\htdocs\Anrich-Sage\system\Database\SQLSRV\Connection.php:128
Stack trace:
#0 D:\xampp\htdocs\Anrich-Sage\system\Database\BaseConnection.php(391): CodeIgniter\Database\SQLSRV\Connection->connect(false)
#1 D:\xampp\htdocs\Anrich-Sage\system\Database\BaseConnection.php(573): CodeIgniter\Database\BaseConnection->initialize()
#2 D:\xampp\htdocs\Anrich-Sage\app\Controllers\Customer.php(25): CodeIgniter\Database\BaseConnection->query('SELECT IDCUST,I...')
#3 D:\xampp\htdocs\Anrich-Sage\system\CodeIgniter.php(934): App\Controllers\Customer->index()
#4 D:\xampp\htdocs\Anrich-Sage\system\CodeIgniter.php(499): CodeIgniter\CodeIgniter->runController(Object(App\Controllers\Customer))
#5 D:\xampp\htdocs\Anrich-Sage\system\CodeIgniter.php(368): CodeIgniter\CodeIgniter->handleRequest(NULL, Object(Config\Cache), false)
#6 D:\xampp\htdocs\Anrich-Sage\public\index.php(67): CodeIgniter\CodeIgniter->run()
#7 {main}
CRITICAL - 2023-03-01 02:45:06 --> Unable to connect to the database.
Main connection [sqlsrv]: Call to undefined function CodeIgniter\Database\SQLSRV\sqlsrv_configure()
in SYSTEMPATH\Database\BaseConnection.php on line 427.
 1 SYSTEMPATH\Database\BaseConnection.php(573): CodeIgniter\Database\BaseConnection->initialize()
 2 APPPATH\Controllers\Customer.php(25): CodeIgniter\Database\BaseConnection->query('SELECT IDCUST,IDGRP,TEXTSNAM,NAMECUST FROM ARCUS')
 3 SYSTEMPATH\CodeIgniter.php(934): App\Controllers\Customer->index()
 4 SYSTEMPATH\CodeIgniter.php(499): CodeIgniter\CodeIgniter->runController(Object(App\Controllers\Customer))
 5 SYSTEMPATH\CodeIgniter.php(368): CodeIgniter\CodeIgniter->handleRequest(null, Object(Config\Cache), false)
 6 FCPATH\index.php(67): CodeIgniter\CodeIgniter->run()
ERROR - 2023-03-01 02:45:14 --> Error connecting to the database: Error: Call to undefined function CodeIgniter\Database\SQLSRV\sqlsrv_configure() in D:\xampp\htdocs\Anrich-Sage\system\Database\SQLSRV\Connection.php:128
Stack trace:
#0 D:\xampp\htdocs\Anrich-Sage\system\Database\BaseConnection.php(391): CodeIgniter\Database\SQLSRV\Connection->connect(false)
#1 D:\xampp\htdocs\Anrich-Sage\system\Database\BaseConnection.php(573): CodeIgniter\Database\BaseConnection->initialize()
#2 D:\xampp\htdocs\Anrich-Sage\app\Controllers\Customer.php(25): CodeIgniter\Database\BaseConnection->query('SELECT IDCUST,I...')
#3 D:\xampp\htdocs\Anrich-Sage\system\CodeIgniter.php(934): App\Controllers\Customer->index()
#4 D:\xampp\htdocs\Anrich-Sage\system\CodeIgniter.php(499): CodeIgniter\CodeIgniter->runController(Object(App\Controllers\Customer))
#5 D:\xampp\htdocs\Anrich-Sage\system\CodeIgniter.php(368): CodeIgniter\CodeIgniter->handleRequest(NULL, Object(Config\Cache), false)
#6 D:\xampp\htdocs\Anrich-Sage\public\index.php(67): CodeIgniter\CodeIgniter->run()
#7 {main}
CRITICAL - 2023-03-01 02:45:14 --> Unable to connect to the database.
Main connection [sqlsrv]: Call to undefined function CodeIgniter\Database\SQLSRV\sqlsrv_configure()
in SYSTEMPATH\Database\BaseConnection.php on line 427.
 1 SYSTEMPATH\Database\BaseConnection.php(573): CodeIgniter\Database\BaseConnection->initialize()
 2 APPPATH\Controllers\Customer.php(25): CodeIgniter\Database\BaseConnection->query('SELECT IDCUST,IDGRP,TEXTSNAM,NAMECUST FROM ARCUS')
 3 SYSTEMPATH\CodeIgniter.php(934): App\Controllers\Customer->index()
 4 SYSTEMPATH\CodeIgniter.php(499): CodeIgniter\CodeIgniter->runController(Object(App\Controllers\Customer))
 5 SYSTEMPATH\CodeIgniter.php(368): CodeIgniter\CodeIgniter->handleRequest(null, Object(Config\Cache), false)
 6 FCPATH\index.php(67): CodeIgniter\CodeIgniter->run()
CRITICAL - 2023-03-01 02:48:38 --> You must set the database table to be used with your query.
in SYSTEMPATH\Database\BaseConnection.php on line 882.
 1 SYSTEMPATH\Model.php(642): CodeIgniter\Database\BaseConnection->table(null)
 2 SYSTEMPATH\Model.php(803): CodeIgniter\Model->builder()
 3 APPPATH\Controllers\Customer.php(21): CodeIgniter\Model->__get('get_customer')
 4 SYSTEMPATH\CodeIgniter.php(934): App\Controllers\Customer->index()
 5 SYSTEMPATH\CodeIgniter.php(499): CodeIgniter\CodeIgniter->runController(Object(App\Controllers\Customer))
 6 SYSTEMPATH\CodeIgniter.php(368): CodeIgniter\CodeIgniter->handleRequest(null, Object(Config\Cache), false)
 7 FCPATH\index.php(67): CodeIgniter\CodeIgniter->run()
CRITICAL - 2023-03-01 02:53:47 --> You must set the database table to be used with your query.
in SYSTEMPATH\Database\BaseConnection.php on line 882.
 1 SYSTEMPATH\Model.php(642): CodeIgniter\Database\BaseConnection->table(null)
 2 SYSTEMPATH\Model.php(803): CodeIgniter\Model->builder()
 3 APPPATH\Controllers\Customer.php(21): CodeIgniter\Model->__get('get_customer')
 4 SYSTEMPATH\CodeIgniter.php(934): App\Controllers\Customer->index()
 5 SYSTEMPATH\CodeIgniter.php(499): CodeIgniter\CodeIgniter->runController(Object(App\Controllers\Customer))
 6 SYSTEMPATH\CodeIgniter.php(368): CodeIgniter\CodeIgniter->handleRequest(null, Object(Config\Cache), false)
 7 FCPATH\index.php(67): CodeIgniter\CodeIgniter->run()
CRITICAL - 2023-03-01 02:53:48 --> You must set the database table to be used with your query.
in SYSTEMPATH\Database\BaseConnection.php on line 882.
 1 SYSTEMPATH\Model.php(642): CodeIgniter\Database\BaseConnection->table(null)
 2 SYSTEMPATH\Model.php(803): CodeIgniter\Model->builder()
 3 APPPATH\Controllers\Customer.php(21): CodeIgniter\Model->__get('get_customer')
 4 SYSTEMPATH\CodeIgniter.php(934): App\Controllers\Customer->index()
 5 SYSTEMPATH\CodeIgniter.php(499): CodeIgniter\CodeIgniter->runController(Object(App\Controllers\Customer))
 6 SYSTEMPATH\CodeIgniter.php(368): CodeIgniter\CodeIgniter->handleRequest(null, Object(Config\Cache), false)
 7 FCPATH\index.php(67): CodeIgniter\CodeIgniter->run()
CRITICAL - 2023-03-01 02:54:38 --> You must set the database table to be used with your query.
in SYSTEMPATH\Database\BaseConnection.php on line 882.
 1 SYSTEMPATH\Model.php(642): CodeIgniter\Database\BaseConnection->table(null)
 2 SYSTEMPATH\Model.php(803): CodeIgniter\Model->builder()
 3 APPPATH\Controllers\Customer.php(21): CodeIgniter\Model->__get('get_customer')
 4 SYSTEMPATH\CodeIgniter.php(934): App\Controllers\Customer->index()
 5 SYSTEMPATH\CodeIgniter.php(499): CodeIgniter\CodeIgniter->runController(Object(App\Controllers\Customer))
 6 SYSTEMPATH\CodeIgniter.php(368): CodeIgniter\CodeIgniter->handleRequest(null, Object(Config\Cache), false)
 7 FCPATH\index.php(67): CodeIgniter\CodeIgniter->run()
CRITICAL - 2023-03-01 02:54:39 --> You must set the database table to be used with your query.
in SYSTEMPATH\Database\BaseConnection.php on line 882.
 1 SYSTEMPATH\Model.php(642): CodeIgniter\Database\BaseConnection->table(null)
 2 SYSTEMPATH\Model.php(803): CodeIgniter\Model->builder()
 3 APPPATH\Controllers\Customer.php(21): CodeIgniter\Model->__get('get_customer')
 4 SYSTEMPATH\CodeIgniter.php(934): App\Controllers\Customer->index()
 5 SYSTEMPATH\CodeIgniter.php(499): CodeIgniter\CodeIgniter->runController(Object(App\Controllers\Customer))
 6 SYSTEMPATH\CodeIgniter.php(368): CodeIgniter\CodeIgniter->handleRequest(null, Object(Config\Cache), false)
 7 FCPATH\index.php(67): CodeIgniter\CodeIgniter->run()
CRITICAL - 2023-03-01 02:54:40 --> You must set the database table to be used with your query.
in SYSTEMPATH\Database\BaseConnection.php on line 882.
 1 SYSTEMPATH\Model.php(642): CodeIgniter\Database\BaseConnection->table(null)
 2 SYSTEMPATH\Model.php(803): CodeIgniter\Model->builder()
 3 APPPATH\Controllers\Customer.php(21): CodeIgniter\Model->__get('get_customer')
 4 SYSTEMPATH\CodeIgniter.php(934): App\Controllers\Customer->index()
 5 SYSTEMPATH\CodeIgniter.php(499): CodeIgniter\CodeIgniter->runController(Object(App\Controllers\Customer))
 6 SYSTEMPATH\CodeIgniter.php(368): CodeIgniter\CodeIgniter->handleRequest(null, Object(Config\Cache), false)
 7 FCPATH\index.php(67): CodeIgniter\CodeIgniter->run()
CRITICAL - 2023-03-01 02:54:42 --> You must set the database table to be used with your query.
in SYSTEMPATH\Database\BaseConnection.php on line 882.
 1 SYSTEMPATH\Model.php(642): CodeIgniter\Database\BaseConnection->table(null)
 2 SYSTEMPATH\Model.php(803): CodeIgniter\Model->builder()
 3 APPPATH\Controllers\Customer.php(21): CodeIgniter\Model->__get('get_customer')
 4 SYSTEMPATH\CodeIgniter.php(934): App\Controllers\Customer->index()
 5 SYSTEMPATH\CodeIgniter.php(499): CodeIgniter\CodeIgniter->runController(Object(App\Controllers\Customer))
 6 SYSTEMPATH\CodeIgniter.php(368): CodeIgniter\CodeIgniter->handleRequest(null, Object(Config\Cache), false)
 7 FCPATH\index.php(67): CodeIgniter\CodeIgniter->run()
CRITICAL - 2023-03-01 03:05:24 --> Invalid argument supplied for foreach()
in APPPATH\Views\customer\data_customer.php on line 71.
 1 APPPATH\Views\customer\data_customer.php(71): CodeIgniter\Debug\Exceptions->errorHandler(2, 'Invalid argument supplied for foreach()', 'APPPATH\\Views\\customer\\data_customer.php', 71, [...])
 2 SYSTEMPATH\View\View.php(213): include('APPPATH\\Views\\customer\\data_customer.php')
 3 SYSTEMPATH\View\View.php(216): CodeIgniter\View\View->CodeIgniter\View\{closure}()
 4 SYSTEMPATH\Common.php(1184): CodeIgniter\View\View->render('customer/data_customer', [], true)
 5 APPPATH\Controllers\Customer.php(30): view('customer/data_customer', [...])
 6 SYSTEMPATH\CodeIgniter.php(934): App\Controllers\Customer->index()
 7 SYSTEMPATH\CodeIgniter.php(499): CodeIgniter\CodeIgniter->runController(Object(App\Controllers\Customer))
 8 SYSTEMPATH\CodeIgniter.php(368): CodeIgniter\CodeIgniter->handleRequest(null, Object(Config\Cache), false)
 9 FCPATH\index.php(67): CodeIgniter\CodeIgniter->run()
CRITICAL - 2023-03-01 03:09:02 --> Invalid argument supplied for foreach()
in APPPATH\Views\customer\data_customer.php on line 71.
 1 APPPATH\Views\customer\data_customer.php(71): CodeIgniter\Debug\Exceptions->errorHandler(2, 'Invalid argument supplied for foreach()', 'APPPATH\\Views\\customer\\data_customer.php', 71, [...])
 2 SYSTEMPATH\View\View.php(213): include('APPPATH\\Views\\customer\\data_customer.php')
 3 SYSTEMPATH\View\View.php(216): CodeIgniter\View\View->CodeIgniter\View\{closure}()
 4 SYSTEMPATH\Common.php(1184): CodeIgniter\View\View->render('customer/data_customer', [], true)
 5 APPPATH\Controllers\Customer.php(30): view('customer/data_customer', [...])
 6 SYSTEMPATH\CodeIgniter.php(934): App\Controllers\Customer->index()
 7 SYSTEMPATH\CodeIgniter.php(499): CodeIgniter\CodeIgniter->runController(Object(App\Controllers\Customer))
 8 SYSTEMPATH\CodeIgniter.php(368): CodeIgniter\CodeIgniter->handleRequest(null, Object(Config\Cache), false)
 9 FCPATH\index.php(67): CodeIgniter\CodeIgniter->run()
CRITICAL - 2023-03-01 03:11:49 --> syntax error, unexpected ','
in APPPATH\Config\Database.php on line 44.
 1 SYSTEMPATH\Autoloader\Autoloader.php(289): CodeIgniter\Autoloader\Autoloader->includeFile('APPPATH\\Config\\Database.php')
 2 SYSTEMPATH\Autoloader\Autoloader.php(267): CodeIgniter\Autoloader\Autoloader->loadInNamespace('Config\\Database')
 3 [internal function]: CodeIgniter\Autoloader\Autoloader->loadClass('Config\\Database')
 4 SYSTEMPATH\Debug\Toolbar\Collectors\Database.php(251): spl_autoload_call('Config\\Database')
 5 SYSTEMPATH\Debug\Toolbar\Collectors\Database.php(70): CodeIgniter\Debug\Toolbar\Collectors\Database->getConnections()
 6 SYSTEMPATH\Debug\Toolbar.php(65): CodeIgniter\Debug\Toolbar\Collectors\Database->__construct()
 7 SYSTEMPATH\Config\Services.php(723): CodeIgniter\Debug\Toolbar->__construct(Object(Config\Toolbar))
 8 SYSTEMPATH\Config\BaseService.php(252): CodeIgniter\Config\Services::toolbar(Object(Config\Toolbar), false)
 9 SYSTEMPATH\Config\BaseService.php(193): CodeIgniter\Config\BaseService::__callStatic('toolbar', [...])
10 SYSTEMPATH\Config\Services.php(718): CodeIgniter\Config\BaseService::getSharedInstance('toolbar', null)
11 SYSTEMPATH\Config\BaseService.php(252): CodeIgniter\Config\Services::toolbar()
12 APPPATH\Config\Events.php(46): CodeIgniter\Config\BaseService::__callStatic('toolbar', [])
13 SYSTEMPATH\Events\Events.php(149): CodeIgniter\Events\Events::Config\{closure}()
14 SYSTEMPATH\CodeIgniter.php(350): CodeIgniter\Events\Events::trigger('pre_system')
15 FCPATH\index.php(67): CodeIgniter\CodeIgniter->run()
CRITICAL - 2023-03-01 03:12:22 --> Invalid argument supplied for foreach()
in APPPATH\Views\customer\data_customer.php on line 71.
 1 APPPATH\Views\customer\data_customer.php(71): CodeIgniter\Debug\Exceptions->errorHandler(2, 'Invalid argument supplied for foreach()', 'APPPATH\\Views\\customer\\data_customer.php', 71, [...])
 2 SYSTEMPATH\View\View.php(213): include('APPPATH\\Views\\customer\\data_customer.php')
 3 SYSTEMPATH\View\View.php(216): CodeIgniter\View\View->CodeIgniter\View\{closure}()
 4 SYSTEMPATH\Common.php(1184): CodeIgniter\View\View->render('customer/data_customer', [], true)
 5 APPPATH\Controllers\Customer.php(30): view('customer/data_customer', [...])
 6 SYSTEMPATH\CodeIgniter.php(934): App\Controllers\Customer->index()
 7 SYSTEMPATH\CodeIgniter.php(499): CodeIgniter\CodeIgniter->runController(Object(App\Controllers\Customer))
 8 SYSTEMPATH\CodeIgniter.php(368): CodeIgniter\CodeIgniter->handleRequest(null, Object(Config\Cache), false)
 9 FCPATH\index.php(67): CodeIgniter\CodeIgniter->run()
CRITICAL - 2023-03-01 03:17:08 --> Invalid argument supplied for foreach()
in APPPATH\Views\customer\data_customer.php on line 71.
 1 APPPATH\Views\customer\data_customer.php(71): CodeIgniter\Debug\Exceptions->errorHandler(2, 'Invalid argument supplied for foreach()', 'APPPATH\\Views\\customer\\data_customer.php', 71, [...])
 2 SYSTEMPATH\View\View.php(213): include('APPPATH\\Views\\customer\\data_customer.php')
 3 SYSTEMPATH\View\View.php(216): CodeIgniter\View\View->CodeIgniter\View\{closure}()
 4 SYSTEMPATH\Common.php(1184): CodeIgniter\View\View->render('customer/data_customer', [], true)
 5 APPPATH\Controllers\Customer.php(30): view('customer/data_customer', [...])
 6 SYSTEMPATH\CodeIgniter.php(934): App\Controllers\Customer->index()
 7 SYSTEMPATH\CodeIgniter.php(499): CodeIgniter\CodeIgniter->runController(Object(App\Controllers\Customer))
 8 SYSTEMPATH\CodeIgniter.php(368): CodeIgniter\CodeIgniter->handleRequest(null, Object(Config\Cache), false)
 9 FCPATH\index.php(67): CodeIgniter\CodeIgniter->run()
CRITICAL - 2023-03-01 03:17:09 --> Invalid argument supplied for foreach()
in APPPATH\Views\customer\data_customer.php on line 71.
 1 APPPATH\Views\customer\data_customer.php(71): CodeIgniter\Debug\Exceptions->errorHandler(2, 'Invalid argument supplied for foreach()', 'APPPATH\\Views\\customer\\data_customer.php', 71, [...])
 2 SYSTEMPATH\View\View.php(213): include('APPPATH\\Views\\customer\\data_customer.php')
 3 SYSTEMPATH\View\View.php(216): CodeIgniter\View\View->CodeIgniter\View\{closure}()
 4 SYSTEMPATH\Common.php(1184): CodeIgniter\View\View->render('customer/data_customer', [], true)
 5 APPPATH\Controllers\Customer.php(30): view('customer/data_customer', [...])
 6 SYSTEMPATH\CodeIgniter.php(934): App\Controllers\Customer->index()
 7 SYSTEMPATH\CodeIgniter.php(499): CodeIgniter\CodeIgniter->runController(Object(App\Controllers\Customer))
 8 SYSTEMPATH\CodeIgniter.php(368): CodeIgniter\CodeIgniter->handleRequest(null, Object(Config\Cache), false)
 9 FCPATH\index.php(67): CodeIgniter\CodeIgniter->run()
CRITICAL - 2023-03-01 03:17:10 --> Invalid argument supplied for foreach()
in APPPATH\Views\customer\data_customer.php on line 71.
 1 APPPATH\Views\customer\data_customer.php(71): CodeIgniter\Debug\Exceptions->errorHandler(2, 'Invalid argument supplied for foreach()', 'APPPATH\\Views\\customer\\data_customer.php', 71, [...])
 2 SYSTEMPATH\View\View.php(213): include('APPPATH\\Views\\customer\\data_customer.php')
 3 SYSTEMPATH\View\View.php(216): CodeIgniter\View\View->CodeIgniter\View\{closure}()
 4 SYSTEMPATH\Common.php(1184): CodeIgniter\View\View->render('customer/data_customer', [], true)
 5 APPPATH\Controllers\Customer.php(30): view('customer/data_customer', [...])
 6 SYSTEMPATH\CodeIgniter.php(934): App\Controllers\Customer->index()
 7 SYSTEMPATH\CodeIgniter.php(499): CodeIgniter\CodeIgniter->runController(Object(App\Controllers\Customer))
 8 SYSTEMPATH\CodeIgniter.php(368): CodeIgniter\CodeIgniter->handleRequest(null, Object(Config\Cache), false)
 9 FCPATH\index.php(67): CodeIgniter\CodeIgniter->run()
CRITICAL - 2023-03-01 03:17:11 --> Invalid argument supplied for foreach()
in APPPATH\Views\customer\data_customer.php on line 71.
 1 APPPATH\Views\customer\data_customer.php(71): CodeIgniter\Debug\Exceptions->errorHandler(2, 'Invalid argument supplied for foreach()', 'APPPATH\\Views\\customer\\data_customer.php', 71, [...])
 2 SYSTEMPATH\View\View.php(213): include('APPPATH\\Views\\customer\\data_customer.php')
 3 SYSTEMPATH\View\View.php(216): CodeIgniter\View\View->CodeIgniter\View\{closure}()
 4 SYSTEMPATH\Common.php(1184): CodeIgniter\View\View->render('customer/data_customer', [], true)
 5 APPPATH\Controllers\Customer.php(30): view('customer/data_customer', [...])
 6 SYSTEMPATH\CodeIgniter.php(934): App\Controllers\Customer->index()
 7 SYSTEMPATH\CodeIgniter.php(499): CodeIgniter\CodeIgniter->runController(Object(App\Controllers\Customer))
 8 SYSTEMPATH\CodeIgniter.php(368): CodeIgniter\CodeIgniter->handleRequest(null, Object(Config\Cache), false)
 9 FCPATH\index.php(67): CodeIgniter\CodeIgniter->run()
CRITICAL - 2023-03-01 03:17:12 --> Invalid argument supplied for foreach()
in APPPATH\Views\customer\data_customer.php on line 71.
 1 APPPATH\Views\customer\data_customer.php(71): CodeIgniter\Debug\Exceptions->errorHandler(2, 'Invalid argument supplied for foreach()', 'APPPATH\\Views\\customer\\data_customer.php', 71, [...])
 2 SYSTEMPATH\View\View.php(213): include('APPPATH\\Views\\customer\\data_customer.php')
 3 SYSTEMPATH\View\View.php(216): CodeIgniter\View\View->CodeIgniter\View\{closure}()
 4 SYSTEMPATH\Common.php(1184): CodeIgniter\View\View->render('customer/data_customer', [], true)
 5 APPPATH\Controllers\Customer.php(30): view('customer/data_customer', [...])
 6 SYSTEMPATH\CodeIgniter.php(934): App\Controllers\Customer->index()
 7 SYSTEMPATH\CodeIgniter.php(499): CodeIgniter\CodeIgniter->runController(Object(App\Controllers\Customer))
 8 SYSTEMPATH\CodeIgniter.php(368): CodeIgniter\CodeIgniter->handleRequest(null, Object(Config\Cache), false)
 9 FCPATH\index.php(67): CodeIgniter\CodeIgniter->run()
CRITICAL - 2023-03-01 03:17:12 --> Invalid argument supplied for foreach()
in APPPATH\Views\customer\data_customer.php on line 71.
 1 APPPATH\Views\customer\data_customer.php(71): CodeIgniter\Debug\Exceptions->errorHandler(2, 'Invalid argument supplied for foreach()', 'APPPATH\\Views\\customer\\data_customer.php', 71, [...])
 2 SYSTEMPATH\View\View.php(213): include('APPPATH\\Views\\customer\\data_customer.php')
 3 SYSTEMPATH\View\View.php(216): CodeIgniter\View\View->CodeIgniter\View\{closure}()
 4 SYSTEMPATH\Common.php(1184): CodeIgniter\View\View->render('customer/data_customer', [], true)
 5 APPPATH\Controllers\Customer.php(30): view('customer/data_customer', [...])
 6 SYSTEMPATH\CodeIgniter.php(934): App\Controllers\Customer->index()
 7 SYSTEMPATH\CodeIgniter.php(499): CodeIgniter\CodeIgniter->runController(Object(App\Controllers\Customer))
 8 SYSTEMPATH\CodeIgniter.php(368): CodeIgniter\CodeIgniter->handleRequest(null, Object(Config\Cache), false)
 9 FCPATH\index.php(67): CodeIgniter\CodeIgniter->run()
CRITICAL - 2023-03-01 03:17:13 --> Invalid argument supplied for foreach()
in APPPATH\Views\customer\data_customer.php on line 71.
 1 APPPATH\Views\customer\data_customer.php(71): CodeIgniter\Debug\Exceptions->errorHandler(2, 'Invalid argument supplied for foreach()', 'APPPATH\\Views\\customer\\data_customer.php', 71, [...])
 2 SYSTEMPATH\View\View.php(213): include('APPPATH\\Views\\customer\\data_customer.php')
 3 SYSTEMPATH\View\View.php(216): CodeIgniter\View\View->CodeIgniter\View\{closure}()
 4 SYSTEMPATH\Common.php(1184): CodeIgniter\View\View->render('customer/data_customer', [], true)
 5 APPPATH\Controllers\Customer.php(30): view('customer/data_customer', [...])
 6 SYSTEMPATH\CodeIgniter.php(934): App\Controllers\Customer->index()
 7 SYSTEMPATH\CodeIgniter.php(499): CodeIgniter\CodeIgniter->runController(Object(App\Controllers\Customer))
 8 SYSTEMPATH\CodeIgniter.php(368): CodeIgniter\CodeIgniter->handleRequest(null, Object(Config\Cache), false)
 9 FCPATH\index.php(67): CodeIgniter\CodeIgniter->run()
CRITICAL - 2023-03-01 03:17:50 --> Array to string conversion
in APPPATH\Views\customer\data_customer.php on line 80.
 1 APPPATH\Views\customer\data_customer.php(80): CodeIgniter\Debug\Exceptions->errorHandler(8, 'Array to string conversion', 'APPPATH\\Views\\customer\\data_customer.php', 80, [...])
 2 SYSTEMPATH\View\View.php(213): include('APPPATH\\Views\\customer\\data_customer.php')
 3 SYSTEMPATH\View\View.php(216): CodeIgniter\View\View->CodeIgniter\View\{closure}()
 4 SYSTEMPATH\Common.php(1184): CodeIgniter\View\View->render('customer/data_customer', [], true)
 5 APPPATH\Controllers\Customer.php(30): view('customer/data_customer', [...])
 6 SYSTEMPATH\CodeIgniter.php(934): App\Controllers\Customer->index()
 7 SYSTEMPATH\CodeIgniter.php(499): CodeIgniter\CodeIgniter->runController(Object(App\Controllers\Customer))
 8 SYSTEMPATH\CodeIgniter.php(368): CodeIgniter\CodeIgniter->handleRequest(null, Object(Config\Cache), false)
 9 FCPATH\index.php(67): CodeIgniter\CodeIgniter->run()
ERROR - 2023-03-01 04:33:13 --> Error connecting to the database: Error: Call to undefined function CodeIgniter\Database\SQLSRV\sqlsrv_configure() in D:\xampp\htdocs\Anrich-Sage\system\Database\SQLSRV\Connection.php:128
Stack trace:
#0 D:\xampp\htdocs\Anrich-Sage\system\Database\BaseConnection.php(391): CodeIgniter\Database\SQLSRV\Connection->connect(false)
#1 D:\xampp\htdocs\Anrich-Sage\system\Database\BaseConnection.php(573): CodeIgniter\Database\BaseConnection->initialize()
#2 D:\xampp\htdocs\Anrich-Sage\app\Models\Customer_model.php(26): CodeIgniter\Database\BaseConnection->query('select IDCUST,I...')
#3 D:\xampp\htdocs\Anrich-Sage\app\Controllers\Customer.php(21): App\Models\Customer_model->get_customer()
#4 D:\xampp\htdocs\Anrich-Sage\system\CodeIgniter.php(934): App\Controllers\Customer->index()
#5 D:\xampp\htdocs\Anrich-Sage\system\CodeIgniter.php(499): CodeIgniter\CodeIgniter->runController(Object(App\Controllers\Customer))
#6 D:\xampp\htdocs\Anrich-Sage\system\CodeIgniter.php(368): CodeIgniter\CodeIgniter->handleRequest(NULL, Object(Config\Cache), false)
#7 D:\xampp\htdocs\Anrich-Sage\public\index.php(67): CodeIgniter\CodeIgniter->run()
#8 {main}
CRITICAL - 2023-03-01 04:33:13 --> Unable to connect to the database.
Main connection [sqlsrv]: Call to undefined function CodeIgniter\Database\SQLSRV\sqlsrv_configure()
in SYSTEMPATH\Database\BaseConnection.php on line 427.
 1 SYSTEMPATH\Database\BaseConnection.php(573): CodeIgniter\Database\BaseConnection->initialize()
 2 APPPATH\Models\Customer_model.php(26): CodeIgniter\Database\BaseConnection->query('select IDCUST,IDGRP,TEXTSNAM,NAMECUST from ARCUS')
 3 APPPATH\Controllers\Customer.php(21): App\Models\Customer_model->get_customer()
 4 SYSTEMPATH\CodeIgniter.php(934): App\Controllers\Customer->index()
 5 SYSTEMPATH\CodeIgniter.php(499): CodeIgniter\CodeIgniter->runController(Object(App\Controllers\Customer))
 6 SYSTEMPATH\CodeIgniter.php(368): CodeIgniter\CodeIgniter->handleRequest(null, Object(Config\Cache), false)
 7 FCPATH\index.php(67): CodeIgniter\CodeIgniter->run()
ERROR - 2023-03-01 04:33:35 --> Error connecting to the database: Error: Call to undefined function CodeIgniter\Database\SQLSRV\sqlsrv_configure() in D:\xampp\htdocs\Anrich-Sage\system\Database\SQLSRV\Connection.php:128
Stack trace:
#0 D:\xampp\htdocs\Anrich-Sage\system\Database\BaseConnection.php(391): CodeIgniter\Database\SQLSRV\Connection->connect(false)
#1 D:\xampp\htdocs\Anrich-Sage\system\Database\BaseConnection.php(573): CodeIgniter\Database\BaseConnection->initialize()
#2 D:\xampp\htdocs\Anrich-Sage\app\Models\Customer_model.php(26): CodeIgniter\Database\BaseConnection->query('select IDCUST,I...')
#3 D:\xampp\htdocs\Anrich-Sage\app\Controllers\Customer.php(21): App\Models\Customer_model->get_customer()
#4 D:\xampp\htdocs\Anrich-Sage\system\CodeIgniter.php(934): App\Controllers\Customer->index()
#5 D:\xampp\htdocs\Anrich-Sage\system\CodeIgniter.php(499): CodeIgniter\CodeIgniter->runController(Object(App\Controllers\Customer))
#6 D:\xampp\htdocs\Anrich-Sage\system\CodeIgniter.php(368): CodeIgniter\CodeIgniter->handleRequest(NULL, Object(Config\Cache), false)
#7 D:\xampp\htdocs\Anrich-Sage\public\index.php(67): CodeIgniter\CodeIgniter->run()
#8 {main}
CRITICAL - 2023-03-01 04:33:35 --> Unable to connect to the database.
Main connection [sqlsrv]: Call to undefined function CodeIgniter\Database\SQLSRV\sqlsrv_configure()
in SYSTEMPATH\Database\BaseConnection.php on line 427.
 1 SYSTEMPATH\Database\BaseConnection.php(573): CodeIgniter\Database\BaseConnection->initialize()
 2 APPPATH\Models\Customer_model.php(26): CodeIgniter\Database\BaseConnection->query('select IDCUST,IDGRP,TEXTSNAM,NAMECUST from ARCUS')
 3 APPPATH\Controllers\Customer.php(21): App\Models\Customer_model->get_customer()
 4 SYSTEMPATH\CodeIgniter.php(934): App\Controllers\Customer->index()
 5 SYSTEMPATH\CodeIgniter.php(499): CodeIgniter\CodeIgniter->runController(Object(App\Controllers\Customer))
 6 SYSTEMPATH\CodeIgniter.php(368): CodeIgniter\CodeIgniter->handleRequest(null, Object(Config\Cache), false)
 7 FCPATH\index.php(67): CodeIgniter\CodeIgniter->run()
