CRITICAL - 2023-03-02 03:11:00 --> Undefined variable: _SESSION
in APPPATH\Views\footer.php on line 65.
 1 APPPATH\Views\footer.php(65): CodeIgniter\Debug\Exceptions->errorHandler(8, 'Undefined variable: _SESSION', 'APPPATH\\Views\\footer.php', 65, [...])
 2 SYSTEMPATH\View\View.php(213): include('APPPATH\\Views\\footer.php')
 3 SYSTEMPATH\View\View.php(216): CodeIgniter\View\View->CodeIgniter\View\{closure}()
 4 SYSTEMPATH\Common.php(1184): CodeIgniter\View\View->render('footer', [], true)
 5 APPPATH\Controllers\Customer.php(31): view('footer')
 6 SYSTEMPATH\CodeIgniter.php(934): App\Controllers\Customer->index()
 7 SYSTEMPATH\CodeIgniter.php(499): CodeIgniter\CodeIgniter->runController(Object(App\Controllers\Customer))
 8 SYSTEMPATH\CodeIgniter.php(368): CodeIgniter\CodeIgniter->handleRequest(null, Object(Config\Cache), false)
 9 FCPATH\index.php(67): CodeIgniter\CodeIgniter->run()
CRITICAL - 2023-03-02 03:11:17 --> Undefined variable: _SESSION
in APPPATH\Views\footer.php on line 65.
 1 APPPATH\Views\footer.php(65): CodeIgniter\Debug\Exceptions->errorHandler(8, 'Undefined variable: _SESSION', 'APPPATH\\Views\\footer.php', 65, [])
 2 SYSTEMPATH\View\View.php(213): include('APPPATH\\Views\\footer.php')
 3 SYSTEMPATH\View\View.php(216): CodeIgniter\View\View->CodeIgniter\View\{closure}()
 4 SYSTEMPATH\Common.php(1184): CodeIgniter\View\View->render('footer', [], true)
 5 APPPATH\Controllers\Home.php(13): view('footer')
 6 SYSTEMPATH\CodeIgniter.php(934): App\Controllers\Home->index()
 7 SYSTEMPATH\CodeIgniter.php(499): CodeIgniter\CodeIgniter->runController(Object(App\Controllers\Home))
 8 SYSTEMPATH\CodeIgniter.php(368): CodeIgniter\CodeIgniter->handleRequest(null, Object(Config\Cache), false)
 9 FCPATH\index.php(67): CodeIgniter\CodeIgniter->run()
CRITICAL - 2023-03-02 08:16:52 --> Undefined variable: _SESSION
in APPPATH\Views\footer.php on line 65.
 1 APPPATH\Views\footer.php(65): CodeIgniter\Debug\Exceptions->errorHandler(8, 'Undefined variable: _SESSION', 'APPPATH\\Views\\footer.php', 65, [])
 2 SYSTEMPATH\View\View.php(213): include('APPPATH\\Views\\footer.php')
 3 SYSTEMPATH\View\View.php(216): CodeIgniter\View\View->CodeIgniter\View\{closure}()
 4 SYSTEMPATH\Common.php(1184): CodeIgniter\View\View->render('footer', [], true)
 5 APPPATH\Controllers\Home.php(13): view('footer')
 6 SYSTEMPATH\CodeIgniter.php(934): App\Controllers\Home->index()
 7 SYSTEMPATH\CodeIgniter.php(499): CodeIgniter\CodeIgniter->runController(Object(App\Controllers\Home))
 8 SYSTEMPATH\CodeIgniter.php(368): CodeIgniter\CodeIgniter->handleRequest(null, Object(Config\Cache), false)
 9 FCPATH\index.php(67): CodeIgniter\CodeIgniter->run()
CRITICAL - 2023-03-02 08:16:54 --> Undefined variable: _SESSION
in APPPATH\Views\footer.php on line 65.
 1 APPPATH\Views\footer.php(65): CodeIgniter\Debug\Exceptions->errorHandler(8, 'Undefined variable: _SESSION', 'APPPATH\\Views\\footer.php', 65, [])
 2 SYSTEMPATH\View\View.php(213): include('APPPATH\\Views\\footer.php')
 3 SYSTEMPATH\View\View.php(216): CodeIgniter\View\View->CodeIgniter\View\{closure}()
 4 SYSTEMPATH\Common.php(1184): CodeIgniter\View\View->render('footer', [], true)
 5 APPPATH\Controllers\Home.php(13): view('footer')
 6 SYSTEMPATH\CodeIgniter.php(934): App\Controllers\Home->index()
 7 SYSTEMPATH\CodeIgniter.php(499): CodeIgniter\CodeIgniter->runController(Object(App\Controllers\Home))
 8 SYSTEMPATH\CodeIgniter.php(368): CodeIgniter\CodeIgniter->handleRequest(null, Object(Config\Cache), false)
 9 FCPATH\index.php(67): CodeIgniter\CodeIgniter->run()
CRITICAL - 2023-03-02 08:16:55 --> Undefined variable: _SESSION
in APPPATH\Views\footer.php on line 65.
 1 APPPATH\Views\footer.php(65): CodeIgniter\Debug\Exceptions->errorHandler(8, 'Undefined variable: _SESSION', 'APPPATH\\Views\\footer.php', 65, [])
 2 SYSTEMPATH\View\View.php(213): include('APPPATH\\Views\\footer.php')
 3 SYSTEMPATH\View\View.php(216): CodeIgniter\View\View->CodeIgniter\View\{closure}()
 4 SYSTEMPATH\Common.php(1184): CodeIgniter\View\View->render('footer', [], true)
 5 APPPATH\Controllers\Home.php(13): view('footer')
 6 SYSTEMPATH\CodeIgniter.php(934): App\Controllers\Home->index()
 7 SYSTEMPATH\CodeIgniter.php(499): CodeIgniter\CodeIgniter->runController(Object(App\Controllers\Home))
 8 SYSTEMPATH\CodeIgniter.php(368): CodeIgniter\CodeIgniter->handleRequest(null, Object(Config\Cache), false)
 9 FCPATH\index.php(67): CodeIgniter\CodeIgniter->run()
CRITICAL - 2023-03-02 08:16:56 --> Undefined variable: _SESSION
in APPPATH\Views\footer.php on line 65.
 1 APPPATH\Views\footer.php(65): CodeIgniter\Debug\Exceptions->errorHandler(8, 'Undefined variable: _SESSION', 'APPPATH\\Views\\footer.php', 65, [])
 2 SYSTEMPATH\View\View.php(213): include('APPPATH\\Views\\footer.php')
 3 SYSTEMPATH\View\View.php(216): CodeIgniter\View\View->CodeIgniter\View\{closure}()
 4 SYSTEMPATH\Common.php(1184): CodeIgniter\View\View->render('footer', [], true)
 5 APPPATH\Controllers\Home.php(13): view('footer')
 6 SYSTEMPATH\CodeIgniter.php(934): App\Controllers\Home->index()
 7 SYSTEMPATH\CodeIgniter.php(499): CodeIgniter\CodeIgniter->runController(Object(App\Controllers\Home))
 8 SYSTEMPATH\CodeIgniter.php(368): CodeIgniter\CodeIgniter->handleRequest(null, Object(Config\Cache), false)
 9 FCPATH\index.php(67): CodeIgniter\CodeIgniter->run()
CRITICAL - 2023-03-02 08:16:57 --> Undefined variable: _SESSION
in APPPATH\Views\footer.php on line 65.
 1 APPPATH\Views\footer.php(65): CodeIgniter\Debug\Exceptions->errorHandler(8, 'Undefined variable: _SESSION', 'APPPATH\\Views\\footer.php', 65, [])
 2 SYSTEMPATH\View\View.php(213): include('APPPATH\\Views\\footer.php')
 3 SYSTEMPATH\View\View.php(216): CodeIgniter\View\View->CodeIgniter\View\{closure}()
 4 SYSTEMPATH\Common.php(1184): CodeIgniter\View\View->render('footer', [], true)
 5 APPPATH\Controllers\Home.php(13): view('footer')
 6 SYSTEMPATH\CodeIgniter.php(934): App\Controllers\Home->index()
 7 SYSTEMPATH\CodeIgniter.php(499): CodeIgniter\CodeIgniter->runController(Object(App\Controllers\Home))
 8 SYSTEMPATH\CodeIgniter.php(368): CodeIgniter\CodeIgniter->handleRequest(null, Object(Config\Cache), false)
 9 FCPATH\index.php(67): CodeIgniter\CodeIgniter->run()
CRITICAL - 2023-03-02 08:16:58 --> Undefined variable: _SESSION
in APPPATH\Views\footer.php on line 65.
 1 APPPATH\Views\footer.php(65): CodeIgniter\Debug\Exceptions->errorHandler(8, 'Undefined variable: _SESSION', 'APPPATH\\Views\\footer.php', 65, [])
 2 SYSTEMPATH\View\View.php(213): include('APPPATH\\Views\\footer.php')
 3 SYSTEMPATH\View\View.php(216): CodeIgniter\View\View->CodeIgniter\View\{closure}()
 4 SYSTEMPATH\Common.php(1184): CodeIgniter\View\View->render('footer', [], true)
 5 APPPATH\Controllers\Home.php(13): view('footer')
 6 SYSTEMPATH\CodeIgniter.php(934): App\Controllers\Home->index()
 7 SYSTEMPATH\CodeIgniter.php(499): CodeIgniter\CodeIgniter->runController(Object(App\Controllers\Home))
 8 SYSTEMPATH\CodeIgniter.php(368): CodeIgniter\CodeIgniter->handleRequest(null, Object(Config\Cache), false)
 9 FCPATH\index.php(67): CodeIgniter\CodeIgniter->run()
CRITICAL - 2023-03-02 08:16:58 --> Undefined variable: _SESSION
in APPPATH\Views\footer.php on line 65.
 1 APPPATH\Views\footer.php(65): CodeIgniter\Debug\Exceptions->errorHandler(8, 'Undefined variable: _SESSION', 'APPPATH\\Views\\footer.php', 65, [])
 2 SYSTEMPATH\View\View.php(213): include('APPPATH\\Views\\footer.php')
 3 SYSTEMPATH\View\View.php(216): CodeIgniter\View\View->CodeIgniter\View\{closure}()
 4 SYSTEMPATH\Common.php(1184): CodeIgniter\View\View->render('footer', [], true)
 5 APPPATH\Controllers\Home.php(13): view('footer')
 6 SYSTEMPATH\CodeIgniter.php(934): App\Controllers\Home->index()
 7 SYSTEMPATH\CodeIgniter.php(499): CodeIgniter\CodeIgniter->runController(Object(App\Controllers\Home))
 8 SYSTEMPATH\CodeIgniter.php(368): CodeIgniter\CodeIgniter->handleRequest(null, Object(Config\Cache), false)
 9 FCPATH\index.php(67): CodeIgniter\CodeIgniter->run()
CRITICAL - 2023-03-02 08:16:59 --> Undefined variable: _SESSION
in APPPATH\Views\footer.php on line 65.
 1 APPPATH\Views\footer.php(65): CodeIgniter\Debug\Exceptions->errorHandler(8, 'Undefined variable: _SESSION', 'APPPATH\\Views\\footer.php', 65, [])
 2 SYSTEMPATH\View\View.php(213): include('APPPATH\\Views\\footer.php')
 3 SYSTEMPATH\View\View.php(216): CodeIgniter\View\View->CodeIgniter\View\{closure}()
 4 SYSTEMPATH\Common.php(1184): CodeIgniter\View\View->render('footer', [], true)
 5 APPPATH\Controllers\Home.php(13): view('footer')
 6 SYSTEMPATH\CodeIgniter.php(934): App\Controllers\Home->index()
 7 SYSTEMPATH\CodeIgniter.php(499): CodeIgniter\CodeIgniter->runController(Object(App\Controllers\Home))
 8 SYSTEMPATH\CodeIgniter.php(368): CodeIgniter\CodeIgniter->handleRequest(null, Object(Config\Cache), false)
 9 FCPATH\index.php(67): CodeIgniter\CodeIgniter->run()
CRITICAL - 2023-03-02 08:17:01 --> Undefined variable: _SESSION
in APPPATH\Views\footer.php on line 65.
 1 APPPATH\Views\footer.php(65): CodeIgniter\Debug\Exceptions->errorHandler(8, 'Undefined variable: _SESSION', 'APPPATH\\Views\\footer.php', 65, [])
 2 SYSTEMPATH\View\View.php(213): include('APPPATH\\Views\\footer.php')
 3 SYSTEMPATH\View\View.php(216): CodeIgniter\View\View->CodeIgniter\View\{closure}()
 4 SYSTEMPATH\Common.php(1184): CodeIgniter\View\View->render('footer', [], true)
 5 APPPATH\Controllers\Home.php(13): view('footer')
 6 SYSTEMPATH\CodeIgniter.php(934): App\Controllers\Home->index()
 7 SYSTEMPATH\CodeIgniter.php(499): CodeIgniter\CodeIgniter->runController(Object(App\Controllers\Home))
 8 SYSTEMPATH\CodeIgniter.php(368): CodeIgniter\CodeIgniter->handleRequest(null, Object(Config\Cache), false)
 9 FCPATH\index.php(67): CodeIgniter\CodeIgniter->run()
CRITICAL - 2023-03-02 08:17:02 --> Undefined variable: _SESSION
in APPPATH\Views\footer.php on line 65.
 1 APPPATH\Views\footer.php(65): CodeIgniter\Debug\Exceptions->errorHandler(8, 'Undefined variable: _SESSION', 'APPPATH\\Views\\footer.php', 65, [])
 2 SYSTEMPATH\View\View.php(213): include('APPPATH\\Views\\footer.php')
 3 SYSTEMPATH\View\View.php(216): CodeIgniter\View\View->CodeIgniter\View\{closure}()
 4 SYSTEMPATH\Common.php(1184): CodeIgniter\View\View->render('footer', [], true)
 5 APPPATH\Controllers\Home.php(13): view('footer')
 6 SYSTEMPATH\CodeIgniter.php(934): App\Controllers\Home->index()
 7 SYSTEMPATH\CodeIgniter.php(499): CodeIgniter\CodeIgniter->runController(Object(App\Controllers\Home))
 8 SYSTEMPATH\CodeIgniter.php(368): CodeIgniter\CodeIgniter->handleRequest(null, Object(Config\Cache), false)
 9 FCPATH\index.php(67): CodeIgniter\CodeIgniter->run()
CRITICAL - 2023-03-02 08:17:04 --> Undefined variable: _SESSION
in APPPATH\Views\footer.php on line 65.
 1 APPPATH\Views\footer.php(65): CodeIgniter\Debug\Exceptions->errorHandler(8, 'Undefined variable: _SESSION', 'APPPATH\\Views\\footer.php', 65, [])
 2 SYSTEMPATH\View\View.php(213): include('APPPATH\\Views\\footer.php')
 3 SYSTEMPATH\View\View.php(216): CodeIgniter\View\View->CodeIgniter\View\{closure}()
 4 SYSTEMPATH\Common.php(1184): CodeIgniter\View\View->render('footer', [], true)
 5 APPPATH\Controllers\Home.php(13): view('footer')
 6 SYSTEMPATH\CodeIgniter.php(934): App\Controllers\Home->index()
 7 SYSTEMPATH\CodeIgniter.php(499): CodeIgniter\CodeIgniter->runController(Object(App\Controllers\Home))
 8 SYSTEMPATH\CodeIgniter.php(368): CodeIgniter\CodeIgniter->handleRequest(null, Object(Config\Cache), false)
 9 FCPATH\index.php(67): CodeIgniter\CodeIgniter->run()
CRITICAL - 2023-03-02 08:17:06 --> Undefined variable: _SESSION
in APPPATH\Views\footer.php on line 65.
 1 APPPATH\Views\footer.php(65): CodeIgniter\Debug\Exceptions->errorHandler(8, 'Undefined variable: _SESSION', 'APPPATH\\Views\\footer.php', 65, [])
 2 SYSTEMPATH\View\View.php(213): include('APPPATH\\Views\\footer.php')
 3 SYSTEMPATH\View\View.php(216): CodeIgniter\View\View->CodeIgniter\View\{closure}()
 4 SYSTEMPATH\Common.php(1184): CodeIgniter\View\View->render('footer', [], true)
 5 APPPATH\Controllers\Home.php(13): view('footer')
 6 SYSTEMPATH\CodeIgniter.php(934): App\Controllers\Home->index()
 7 SYSTEMPATH\CodeIgniter.php(499): CodeIgniter\CodeIgniter->runController(Object(App\Controllers\Home))
 8 SYSTEMPATH\CodeIgniter.php(368): CodeIgniter\CodeIgniter->handleRequest(null, Object(Config\Cache), false)
 9 FCPATH\index.php(67): CodeIgniter\CodeIgniter->run()
CRITICAL - 2023-03-02 08:17:07 --> Undefined variable: _SESSION
in APPPATH\Views\footer.php on line 65.
 1 APPPATH\Views\footer.php(65): CodeIgniter\Debug\Exceptions->errorHandler(8, 'Undefined variable: _SESSION', 'APPPATH\\Views\\footer.php', 65, [])
 2 SYSTEMPATH\View\View.php(213): include('APPPATH\\Views\\footer.php')
 3 SYSTEMPATH\View\View.php(216): CodeIgniter\View\View->CodeIgniter\View\{closure}()
 4 SYSTEMPATH\Common.php(1184): CodeIgniter\View\View->render('footer', [], true)
 5 APPPATH\Controllers\Home.php(13): view('footer')
 6 SYSTEMPATH\CodeIgniter.php(934): App\Controllers\Home->index()
 7 SYSTEMPATH\CodeIgniter.php(499): CodeIgniter\CodeIgniter->runController(Object(App\Controllers\Home))
 8 SYSTEMPATH\CodeIgniter.php(368): CodeIgniter\CodeIgniter->handleRequest(null, Object(Config\Cache), false)
 9 FCPATH\index.php(67): CodeIgniter\CodeIgniter->run()
CRITICAL - 2023-03-02 08:17:08 --> Undefined variable: _SESSION
in APPPATH\Views\footer.php on line 65.
 1 APPPATH\Views\footer.php(65): CodeIgniter\Debug\Exceptions->errorHandler(8, 'Undefined variable: _SESSION', 'APPPATH\\Views\\footer.php', 65, [])
 2 SYSTEMPATH\View\View.php(213): include('APPPATH\\Views\\footer.php')
 3 SYSTEMPATH\View\View.php(216): CodeIgniter\View\View->CodeIgniter\View\{closure}()
 4 SYSTEMPATH\Common.php(1184): CodeIgniter\View\View->render('footer', [], true)
 5 APPPATH\Controllers\Home.php(13): view('footer')
 6 SYSTEMPATH\CodeIgniter.php(934): App\Controllers\Home->index()
 7 SYSTEMPATH\CodeIgniter.php(499): CodeIgniter\CodeIgniter->runController(Object(App\Controllers\Home))
 8 SYSTEMPATH\CodeIgniter.php(368): CodeIgniter\CodeIgniter->handleRequest(null, Object(Config\Cache), false)
 9 FCPATH\index.php(67): CodeIgniter\CodeIgniter->run()
CRITICAL - 2023-03-02 08:17:08 --> Undefined variable: _SESSION
in APPPATH\Views\footer.php on line 65.
 1 APPPATH\Views\footer.php(65): CodeIgniter\Debug\Exceptions->errorHandler(8, 'Undefined variable: _SESSION', 'APPPATH\\Views\\footer.php', 65, [])
 2 SYSTEMPATH\View\View.php(213): include('APPPATH\\Views\\footer.php')
 3 SYSTEMPATH\View\View.php(216): CodeIgniter\View\View->CodeIgniter\View\{closure}()
 4 SYSTEMPATH\Common.php(1184): CodeIgniter\View\View->render('footer', [], true)
 5 APPPATH\Controllers\Home.php(13): view('footer')
 6 SYSTEMPATH\CodeIgniter.php(934): App\Controllers\Home->index()
 7 SYSTEMPATH\CodeIgniter.php(499): CodeIgniter\CodeIgniter->runController(Object(App\Controllers\Home))
 8 SYSTEMPATH\CodeIgniter.php(368): CodeIgniter\CodeIgniter->handleRequest(null, Object(Config\Cache), false)
 9 FCPATH\index.php(67): CodeIgniter\CodeIgniter->run()
CRITICAL - 2023-03-02 08:17:09 --> Undefined variable: _SESSION
in APPPATH\Views\footer.php on line 65.
 1 APPPATH\Views\footer.php(65): CodeIgniter\Debug\Exceptions->errorHandler(8, 'Undefined variable: _SESSION', 'APPPATH\\Views\\footer.php', 65, [])
 2 SYSTEMPATH\View\View.php(213): include('APPPATH\\Views\\footer.php')
 3 SYSTEMPATH\View\View.php(216): CodeIgniter\View\View->CodeIgniter\View\{closure}()
 4 SYSTEMPATH\Common.php(1184): CodeIgniter\View\View->render('footer', [], true)
 5 APPPATH\Controllers\Home.php(13): view('footer')
 6 SYSTEMPATH\CodeIgniter.php(934): App\Controllers\Home->index()
 7 SYSTEMPATH\CodeIgniter.php(499): CodeIgniter\CodeIgniter->runController(Object(App\Controllers\Home))
 8 SYSTEMPATH\CodeIgniter.php(368): CodeIgniter\CodeIgniter->handleRequest(null, Object(Config\Cache), false)
 9 FCPATH\index.php(67): CodeIgniter\CodeIgniter->run()
CRITICAL - 2023-03-02 08:17:10 --> Undefined variable: _SESSION
in APPPATH\Views\footer.php on line 65.
 1 APPPATH\Views\footer.php(65): CodeIgniter\Debug\Exceptions->errorHandler(8, 'Undefined variable: _SESSION', 'APPPATH\\Views\\footer.php', 65, [])
 2 SYSTEMPATH\View\View.php(213): include('APPPATH\\Views\\footer.php')
 3 SYSTEMPATH\View\View.php(216): CodeIgniter\View\View->CodeIgniter\View\{closure}()
 4 SYSTEMPATH\Common.php(1184): CodeIgniter\View\View->render('footer', [], true)
 5 APPPATH\Controllers\Home.php(13): view('footer')
 6 SYSTEMPATH\CodeIgniter.php(934): App\Controllers\Home->index()
 7 SYSTEMPATH\CodeIgniter.php(499): CodeIgniter\CodeIgniter->runController(Object(App\Controllers\Home))
 8 SYSTEMPATH\CodeIgniter.php(368): CodeIgniter\CodeIgniter->handleRequest(null, Object(Config\Cache), false)
 9 FCPATH\index.php(67): CodeIgniter\CodeIgniter->run()
CRITICAL - 2023-03-02 08:21:27 --> Undefined variable: _SESSION
in APPPATH\Views\footer.php on line 66.
 1 APPPATH\Views\footer.php(66): CodeIgniter\Debug\Exceptions->errorHandler(8, 'Undefined variable: _SESSION', 'APPPATH\\Views\\footer.php', 66, [])
 2 SYSTEMPATH\View\View.php(213): include('APPPATH\\Views\\footer.php')
 3 SYSTEMPATH\View\View.php(216): CodeIgniter\View\View->CodeIgniter\View\{closure}()
 4 SYSTEMPATH\Common.php(1184): CodeIgniter\View\View->render('footer', [], true)
 5 APPPATH\Controllers\Home.php(13): view('footer')
 6 SYSTEMPATH\CodeIgniter.php(934): App\Controllers\Home->index()
 7 SYSTEMPATH\CodeIgniter.php(499): CodeIgniter\CodeIgniter->runController(Object(App\Controllers\Home))
 8 SYSTEMPATH\CodeIgniter.php(368): CodeIgniter\CodeIgniter->handleRequest(null, Object(Config\Cache), false)
 9 FCPATH\index.php(67): CodeIgniter\CodeIgniter->run()
CRITICAL - 2023-03-02 08:21:29 --> Undefined variable: _SESSION
in APPPATH\Views\footer.php on line 66.
 1 APPPATH\Views\footer.php(66): CodeIgniter\Debug\Exceptions->errorHandler(8, 'Undefined variable: _SESSION', 'APPPATH\\Views\\footer.php', 66, [])
 2 SYSTEMPATH\View\View.php(213): include('APPPATH\\Views\\footer.php')
 3 SYSTEMPATH\View\View.php(216): CodeIgniter\View\View->CodeIgniter\View\{closure}()
 4 SYSTEMPATH\Common.php(1184): CodeIgniter\View\View->render('footer', [], true)
 5 APPPATH\Controllers\Home.php(13): view('footer')
 6 SYSTEMPATH\CodeIgniter.php(934): App\Controllers\Home->index()
 7 SYSTEMPATH\CodeIgniter.php(499): CodeIgniter\CodeIgniter->runController(Object(App\Controllers\Home))
 8 SYSTEMPATH\CodeIgniter.php(368): CodeIgniter\CodeIgniter->handleRequest(null, Object(Config\Cache), false)
 9 FCPATH\index.php(67): CodeIgniter\CodeIgniter->run()
CRITICAL - 2023-03-02 08:21:30 --> Undefined variable: _SESSION
in APPPATH\Views\footer.php on line 66.
 1 APPPATH\Views\footer.php(66): CodeIgniter\Debug\Exceptions->errorHandler(8, 'Undefined variable: _SESSION', 'APPPATH\\Views\\footer.php', 66, [])
 2 SYSTEMPATH\View\View.php(213): include('APPPATH\\Views\\footer.php')
 3 SYSTEMPATH\View\View.php(216): CodeIgniter\View\View->CodeIgniter\View\{closure}()
 4 SYSTEMPATH\Common.php(1184): CodeIgniter\View\View->render('footer', [], true)
 5 APPPATH\Controllers\Home.php(13): view('footer')
 6 SYSTEMPATH\CodeIgniter.php(934): App\Controllers\Home->index()
 7 SYSTEMPATH\CodeIgniter.php(499): CodeIgniter\CodeIgniter->runController(Object(App\Controllers\Home))
 8 SYSTEMPATH\CodeIgniter.php(368): CodeIgniter\CodeIgniter->handleRequest(null, Object(Config\Cache), false)
 9 FCPATH\index.php(67): CodeIgniter\CodeIgniter->run()
CRITICAL - 2023-03-02 08:21:30 --> Undefined variable: _SESSION
in APPPATH\Views\footer.php on line 66.
 1 APPPATH\Views\footer.php(66): CodeIgniter\Debug\Exceptions->errorHandler(8, 'Undefined variable: _SESSION', 'APPPATH\\Views\\footer.php', 66, [])
 2 SYSTEMPATH\View\View.php(213): include('APPPATH\\Views\\footer.php')
 3 SYSTEMPATH\View\View.php(216): CodeIgniter\View\View->CodeIgniter\View\{closure}()
 4 SYSTEMPATH\Common.php(1184): CodeIgniter\View\View->render('footer', [], true)
 5 APPPATH\Controllers\Home.php(13): view('footer')
 6 SYSTEMPATH\CodeIgniter.php(934): App\Controllers\Home->index()
 7 SYSTEMPATH\CodeIgniter.php(499): CodeIgniter\CodeIgniter->runController(Object(App\Controllers\Home))
 8 SYSTEMPATH\CodeIgniter.php(368): CodeIgniter\CodeIgniter->handleRequest(null, Object(Config\Cache), false)
 9 FCPATH\index.php(67): CodeIgniter\CodeIgniter->run()
CRITICAL - 2023-03-02 08:21:39 --> Undefined variable: _SESSION
in APPPATH\Views\footer.php on line 77.
 1 APPPATH\Views\footer.php(77): CodeIgniter\Debug\Exceptions->errorHandler(8, 'Undefined variable: _SESSION', 'APPPATH\\Views\\footer.php', 77, [])
 2 SYSTEMPATH\View\View.php(213): include('APPPATH\\Views\\footer.php')
 3 SYSTEMPATH\View\View.php(216): CodeIgniter\View\View->CodeIgniter\View\{closure}()
 4 SYSTEMPATH\Common.php(1184): CodeIgniter\View\View->render('footer', [], true)
 5 APPPATH\Controllers\Home.php(13): view('footer')
 6 SYSTEMPATH\CodeIgniter.php(934): App\Controllers\Home->index()
 7 SYSTEMPATH\CodeIgniter.php(499): CodeIgniter\CodeIgniter->runController(Object(App\Controllers\Home))
 8 SYSTEMPATH\CodeIgniter.php(368): CodeIgniter\CodeIgniter->handleRequest(null, Object(Config\Cache), false)
 9 FCPATH\index.php(67): CodeIgniter\CodeIgniter->run()
CRITICAL - 2023-03-02 08:21:41 --> Undefined variable: _SESSION
in APPPATH\Views\footer.php on line 77.
 1 APPPATH\Views\footer.php(77): CodeIgniter\Debug\Exceptions->errorHandler(8, 'Undefined variable: _SESSION', 'APPPATH\\Views\\footer.php', 77, [])
 2 SYSTEMPATH\View\View.php(213): include('APPPATH\\Views\\footer.php')
 3 SYSTEMPATH\View\View.php(216): CodeIgniter\View\View->CodeIgniter\View\{closure}()
 4 SYSTEMPATH\Common.php(1184): CodeIgniter\View\View->render('footer', [], true)
 5 APPPATH\Controllers\Home.php(13): view('footer')
 6 SYSTEMPATH\CodeIgniter.php(934): App\Controllers\Home->index()
 7 SYSTEMPATH\CodeIgniter.php(499): CodeIgniter\CodeIgniter->runController(Object(App\Controllers\Home))
 8 SYSTEMPATH\CodeIgniter.php(368): CodeIgniter\CodeIgniter->handleRequest(null, Object(Config\Cache), false)
 9 FCPATH\index.php(67): CodeIgniter\CodeIgniter->run()
CRITICAL - 2023-03-02 08:21:42 --> Undefined variable: _SESSION
in APPPATH\Views\footer.php on line 77.
 1 APPPATH\Views\footer.php(77): CodeIgniter\Debug\Exceptions->errorHandler(8, 'Undefined variable: _SESSION', 'APPPATH\\Views\\footer.php', 77, [])
 2 SYSTEMPATH\View\View.php(213): include('APPPATH\\Views\\footer.php')
 3 SYSTEMPATH\View\View.php(216): CodeIgniter\View\View->CodeIgniter\View\{closure}()
 4 SYSTEMPATH\Common.php(1184): CodeIgniter\View\View->render('footer', [], true)
 5 APPPATH\Controllers\Home.php(13): view('footer')
 6 SYSTEMPATH\CodeIgniter.php(934): App\Controllers\Home->index()
 7 SYSTEMPATH\CodeIgniter.php(499): CodeIgniter\CodeIgniter->runController(Object(App\Controllers\Home))
 8 SYSTEMPATH\CodeIgniter.php(368): CodeIgniter\CodeIgniter->handleRequest(null, Object(Config\Cache), false)
 9 FCPATH\index.php(67): CodeIgniter\CodeIgniter->run()
CRITICAL - 2023-03-02 16:13:49 --> Class App\Controllers\Admin\AdminController does not exist
in SYSTEMPATH\Commands\Utilities\Routes\ControllerMethodReader.php on line 43.
 1 SYSTEMPATH\Commands\Utilities\Routes\ControllerMethodReader.php(43): ReflectionClass->__construct('App\\Controllers\\Admin\\AdminController')
 2 SYSTEMPATH\Commands\Utilities\Routes\AutoRouteCollector.php(52): CodeIgniter\Commands\Utilities\Routes\ControllerMethodReader->read('App\\Controllers\\Admin\\AdminController', 'Home', 'index')
 3 SYSTEMPATH\Commands\Utilities\Routes.php(146): CodeIgniter\Commands\Utilities\Routes\AutoRouteCollector->get()
 4 SYSTEMPATH\CLI\Commands.php(65): CodeIgniter\Commands\Utilities\Routes->run([])
 5 SYSTEMPATH\CLI\Console.php(37): CodeIgniter\CLI\Commands->run('routes', [])
 6 ROOTPATH\spark(97): CodeIgniter\CLI\Console->run()
