INFO - 2023-07-12 06:38:34 --> Session: Class initialized using 'CodeIgniter\Session\Handlers\FileHandler' driver.
INFO - 2023-07-12 06:38:43 --> Session: Class initialized using 'CodeIgniter\Session\Handlers\FileHandler' driver.
INFO - 2023-07-12 06:38:53 --> Session: Class initialized using 'CodeIgniter\Session\Handlers\FileHandler' driver.
INFO - 2023-07-12 06:38:55 --> Session: Class initialized using 'CodeIgniter\Session\Handlers\FileHandler' driver.
INFO - 2023-07-12 06:39:00 --> Session: Class initialized using 'CodeIgniter\Session\Handlers\FileHandler' driver.
INFO - 2023-07-12 06:39:01 --> Session: Class initialized using 'CodeIgniter\Session\Handlers\FileHandler' driver.
INFO - 2023-07-12 06:39:02 --> Session: Class initialized using 'CodeIgniter\Session\Handlers\FileHandler' driver.
INFO - 2023-07-12 06:39:05 --> Session: Class initialized using 'CodeIgniter\Session\Handlers\FileHandler' driver.
INFO - 2023-07-12 06:39:16 --> Session: Class initialized using 'CodeIgniter\Session\Handlers\FileHandler' driver.
INFO - 2023-07-12 06:39:18 --> Session: Class initialized using 'CodeIgniter\Session\Handlers\FileHandler' driver.
INFO - 2023-07-12 06:39:24 --> Session: Class initialized using 'CodeIgniter\Session\Handlers\FileHandler' driver.
INFO - 2023-07-12 06:39:25 --> Session: Class initialized using 'CodeIgniter\Session\Handlers\FileHandler' driver.
INFO - 2023-07-12 06:39:28 --> Session: Class initialized using 'CodeIgniter\Session\Handlers\FileHandler' driver.
INFO - 2023-07-12 06:39:29 --> Session: Class initialized using 'CodeIgniter\Session\Handlers\FileHandler' driver.
INFO - 2023-07-12 06:39:38 --> Session: Class initialized using 'CodeIgniter\Session\Handlers\FileHandler' driver.
INFO - 2023-07-12 06:39:39 --> Session: Class initialized using 'CodeIgniter\Session\Handlers\FileHandler' driver.
INFO - 2023-07-12 06:39:48 --> Session: Class initialized using 'CodeIgniter\Session\Handlers\FileHandler' driver.
INFO - 2023-07-12 06:39:49 --> Session: Class initialized using 'CodeIgniter\Session\Handlers\FileHandler' driver.
INFO - 2023-07-12 06:39:58 --> Session: Class initialized using 'CodeIgniter\Session\Handlers\FileHandler' driver.
INFO - 2023-07-12 06:39:59 --> Session: Class initialized using 'CodeIgniter\Session\Handlers\FileHandler' driver.
INFO - 2023-07-12 06:40:07 --> Session: Class initialized using 'CodeIgniter\Session\Handlers\FileHandler' driver.
INFO - 2023-07-12 06:40:09 --> Session: Class initialized using 'CodeIgniter\Session\Handlers\FileHandler' driver.
INFO - 2023-07-12 06:40:10 --> Session: Class initialized using 'CodeIgniter\Session\Handlers\FileHandler' driver.
INFO - 2023-07-12 06:40:11 --> Session: Class initialized using 'CodeIgniter\Session\Handlers\FileHandler' driver.
INFO - 2023-07-12 06:40:18 --> Session: Class initialized using 'CodeIgniter\Session\Handlers\FileHandler' driver.
INFO - 2023-07-12 06:40:19 --> Session: Class initialized using 'CodeIgniter\Session\Handlers\FileHandler' driver.
INFO - 2023-07-12 06:40:28 --> Session: Class initialized using 'CodeIgniter\Session\Handlers\FileHandler' driver.
INFO - 2023-07-12 06:40:29 --> Session: Class initialized using 'CodeIgniter\Session\Handlers\FileHandler' driver.
INFO - 2023-07-12 06:40:38 --> Session: Class initialized using 'CodeIgniter\Session\Handlers\FileHandler' driver.
INFO - 2023-07-12 06:40:39 --> Session: Class initialized using 'CodeIgniter\Session\Handlers\FileHandler' driver.
INFO - 2023-07-12 06:40:48 --> Session: Class initialized using 'CodeIgniter\Session\Handlers\FileHandler' driver.
INFO - 2023-07-12 06:40:49 --> Session: Class initialized using 'CodeIgniter\Session\Handlers\FileHandler' driver.
INFO - 2023-07-12 06:40:52 --> Session: Class initialized using 'CodeIgniter\Session\Handlers\FileHandler' driver.
INFO - 2023-07-12 06:40:53 --> Session: Class initialized using 'CodeIgniter\Session\Handlers\FileHandler' driver.
INFO - 2023-07-12 06:40:59 --> Session: Class initialized using 'CodeIgniter\Session\Handlers\FileHandler' driver.
INFO - 2023-07-12 06:41:01 --> Session: Class initialized using 'CodeIgniter\Session\Handlers\FileHandler' driver.
INFO - 2023-07-12 06:41:11 --> Session: Class initialized using 'CodeIgniter\Session\Handlers\FileHandler' driver.
INFO - 2023-07-12 06:41:12 --> Session: Class initialized using 'CodeIgniter\Session\Handlers\FileHandler' driver.
INFO - 2023-07-12 06:41:12 --> Session: Class initialized using 'CodeIgniter\Session\Handlers\FileHandler' driver.
INFO - 2023-07-12 06:41:13 --> Session: Class initialized using 'CodeIgniter\Session\Handlers\FileHandler' driver.
INFO - 2023-07-12 06:41:23 --> Session: Class initialized using 'CodeIgniter\Session\Handlers\FileHandler' driver.
INFO - 2023-07-12 06:41:24 --> Session: Class initialized using 'CodeIgniter\Session\Handlers\FileHandler' driver.
INFO - 2023-07-12 06:41:32 --> Session: Class initialized using 'CodeIgniter\Session\Handlers\FileHandler' driver.
INFO - 2023-07-12 06:41:32 --> Session: Class initialized using 'CodeIgniter\Session\Handlers\FileHandler' driver.
INFO - 2023-07-12 06:41:34 --> Session: Class initialized using 'CodeIgniter\Session\Handlers\FileHandler' driver.
INFO - 2023-07-12 06:41:41 --> Session: Class initialized using 'CodeIgniter\Session\Handlers\FileHandler' driver.
INFO - 2023-07-12 06:41:46 --> Session: Class initialized using 'CodeIgniter\Session\Handlers\FileHandler' driver.
INFO - 2023-07-12 06:41:47 --> Session: Class initialized using 'CodeIgniter\Session\Handlers\FileHandler' driver.
INFO - 2023-07-12 06:41:48 --> Session: Class initialized using 'CodeIgniter\Session\Handlers\FileHandler' driver.
INFO - 2023-07-12 06:41:48 --> Session: Class initialized using 'CodeIgniter\Session\Handlers\FileHandler' driver.
INFO - 2023-07-12 06:41:54 --> Session: Class initialized using 'CodeIgniter\Session\Handlers\FileHandler' driver.
INFO - 2023-07-12 06:41:55 --> Session: Class initialized using 'CodeIgniter\Session\Handlers\FileHandler' driver.
INFO - 2023-07-12 06:42:00 --> Session: Class initialized using 'CodeIgniter\Session\Handlers\FileHandler' driver.
INFO - 2023-07-12 06:42:01 --> Session: Class initialized using 'CodeIgniter\Session\Handlers\FileHandler' driver.
INFO - 2023-07-12 06:42:05 --> Session: Class initialized using 'CodeIgniter\Session\Handlers\FileHandler' driver.
INFO - 2023-07-12 06:42:06 --> Session: Class initialized using 'CodeIgniter\Session\Handlers\FileHandler' driver.
INFO - 2023-07-12 06:42:10 --> Session: Class initialized using 'CodeIgniter\Session\Handlers\FileHandler' driver.
INFO - 2023-07-12 06:42:11 --> Session: Class initialized using 'CodeIgniter\Session\Handlers\FileHandler' driver.
ERROR - 2023-07-12 13:42:12 --> [Microsoft][ODBC Driver 13 for SQL Server][SQL Server]Invalid column name 'SERVICETYPE'.
CRITICAL - 2023-07-12 13:42:12 --> [Microsoft][ODBC Driver 13 for SQL Server][SQL Server]Invalid column name 'SERVICETYPE'.
in SYSTEMPATH\Database\BaseConnection.php on line 645.
 1 SYSTEMPATH\Database\BaseBuilder.php(1700): CodeIgniter\Database\BaseConnection->query('SELECT COUNT(*) AS "numrows"
FROM "ANDRITZ_db"."dbo"."webot_RECEIPTS"
LEFT JOIN "ANDRITZ_db"."dbo"."webot_CSR" "csr" ON "csr"."CSRUNIQ" = "webot_RECEIPTS"."CSRUNIQ"
JOIN "ANDRITZ_db"."dbo"."webot_PO" "po" ON "csr"."CSRUNIQ" = "po"."CSRUNIQ"
WHERE   (
"webot_RECEIPTS"."POSTINGSTAT" = :webot_RECEIPTS.POSTINGSTAT:
 )
AND   (
"webot_RECEIPTS"."RECPDATE" >= :webot_RECEIPTS.RECPDATE:
AND "webot_RECEIPTS"."RECPDATE" <= :webot_RECEIPTS.RECPDATE.1:
 )
AND   (
"csr"."CONTRACT" LIKE :csr.CONTRACT: ESCAPE \'!\'
OR  "csr"."PROJECT" LIKE :csr.PROJECT: ESCAPE \'!\'
OR  "csr"."MANAGER" LIKE :csr.MANAGER: ESCAPE \'!\'
OR  "csr"."SALESNAME" LIKE :csr.SALESNAME: ESCAPE \'!\'
OR  "csr"."PROJECT" LIKE :csr.PROJECT.1: ESCAPE \'!\'
OR  "csr"."PRJDESC" LIKE :csr.PRJDESC: ESCAPE \'!\'
OR  "csr"."CTDESC" LIKE :csr.CTDESC: ESCAPE \'!\'
OR  "csr"."PONUMBERCUST" LIKE :csr.PONUMBERCUST: ESCAPE \'!\'
OR  "csr"."CUSTOMER" LIKE :csr.CUSTOMER: ESCAPE \'!\'
OR  "csr"."NAMECUST" LIKE :csr.NAMECUST: ESCAPE \'!\'
OR  "csr"."EMAIL1CUST" LIKE :csr.EMAIL1CUST: ESCAPE \'!\'
OR  "csr"."CRMNO" LIKE :csr.CRMNO: ESCAPE \'!\'
OR  "csr"."ORDERDESC" LIKE :csr.ORDERDESC: ESCAPE \'!\'
OR  "csr"."SERVICETYPE" LIKE :csr.SERVICETYPE: ESCAPE \'!\'
OR  "csr"."CRMREMARKS" LIKE :csr.CRMREMARKS: ESCAPE \'!\'
OR  "csr"."ITEMNO" LIKE :csr.ITEMNO: ESCAPE \'!\'
OR  "csr"."MATERIALNO" LIKE :csr.MATERIALNO: ESCAPE \'!\'
OR  "csr"."STOCKUNIT" LIKE :csr.STOCKUNIT: ESCAPE \'!\'
OR  "po"."PONUMBER" LIKE :po.PONUMBER: ESCAPE \'!\'
OR  "webot_RECEIPTS"."RECPNUMBER" LIKE :webot_RECEIPTS.RECPNUMBER: ESCAPE \'!\'
OR  "webot_RECEIPTS"."ITEMDESC" LIKE :webot_RECEIPTS.ITEMDESC: ESCAPE \'!\'
OR  "webot_RECEIPTS"."VDNAME" LIKE :webot_RECEIPTS.VDNAME: ESCAPE \'!\'
OR  "webot_RECEIPTS"."DESCRIPTIO" LIKE :webot_RECEIPTS.DESCRIPTIO: ESCAPE \'!\'
 )', [...], false)
 2 SYSTEMPATH\Model.php(606): CodeIgniter\Database\BaseBuilder->countAllResults(false)
 3 SYSTEMPATH\BaseModel.php(1188): CodeIgniter\Model->countAllResults(false)
 4 APPPATH\Controllers\GoodreceiptList.php(237): CodeIgniter\BaseModel->paginate(20, 'req_data')
 5 SYSTEMPATH\CodeIgniter.php(934): App\Controllers\GoodreceiptList->filter()
 6 SYSTEMPATH\CodeIgniter.php(499): CodeIgniter\CodeIgniter->runController(Object(App\Controllers\GoodreceiptList))
 7 SYSTEMPATH\CodeIgniter.php(368): CodeIgniter\CodeIgniter->handleRequest(null, Object(Config\Cache), false)
 8 FCPATH\index.php(67): CodeIgniter\CodeIgniter->run()
INFO - 2023-07-12 06:42:15 --> Session: Class initialized using 'CodeIgniter\Session\Handlers\FileHandler' driver.
ERROR - 2023-07-12 13:42:15 --> [Microsoft][ODBC Driver 13 for SQL Server][SQL Server]Invalid column name 'SERVICETYPE'.
CRITICAL - 2023-07-12 13:42:15 --> [Microsoft][ODBC Driver 13 for SQL Server][SQL Server]Invalid column name 'SERVICETYPE'.
in SYSTEMPATH\Database\BaseConnection.php on line 645.
 1 SYSTEMPATH\Database\BaseBuilder.php(1700): CodeIgniter\Database\BaseConnection->query('SELECT COUNT(*) AS "numrows"
FROM "ANDRITZ_db"."dbo"."webot_RECEIPTS"
LEFT JOIN "ANDRITZ_db"."dbo"."webot_CSR" "csr" ON "csr"."CSRUNIQ" = "webot_RECEIPTS"."CSRUNIQ"
JOIN "ANDRITZ_db"."dbo"."webot_PO" "po" ON "csr"."CSRUNIQ" = "po"."CSRUNIQ"
WHERE   (
"webot_RECEIPTS"."POSTINGSTAT" = :webot_RECEIPTS.POSTINGSTAT:
 )
AND   (
"webot_RECEIPTS"."RECPDATE" >= :webot_RECEIPTS.RECPDATE:
AND "webot_RECEIPTS"."RECPDATE" <= :webot_RECEIPTS.RECPDATE.1:
 )
AND   (
"csr"."CONTRACT" LIKE :csr.CONTRACT: ESCAPE \'!\'
OR  "csr"."PROJECT" LIKE :csr.PROJECT: ESCAPE \'!\'
OR  "csr"."MANAGER" LIKE :csr.MANAGER: ESCAPE \'!\'
OR  "csr"."SALESNAME" LIKE :csr.SALESNAME: ESCAPE \'!\'
OR  "csr"."PROJECT" LIKE :csr.PROJECT.1: ESCAPE \'!\'
OR  "csr"."PRJDESC" LIKE :csr.PRJDESC: ESCAPE \'!\'
OR  "csr"."CTDESC" LIKE :csr.CTDESC: ESCAPE \'!\'
OR  "csr"."PONUMBERCUST" LIKE :csr.PONUMBERCUST: ESCAPE \'!\'
OR  "csr"."CUSTOMER" LIKE :csr.CUSTOMER: ESCAPE \'!\'
OR  "csr"."NAMECUST" LIKE :csr.NAMECUST: ESCAPE \'!\'
OR  "csr"."EMAIL1CUST" LIKE :csr.EMAIL1CUST: ESCAPE \'!\'
OR  "csr"."CRMNO" LIKE :csr.CRMNO: ESCAPE \'!\'
OR  "csr"."ORDERDESC" LIKE :csr.ORDERDESC: ESCAPE \'!\'
OR  "csr"."SERVICETYPE" LIKE :csr.SERVICETYPE: ESCAPE \'!\'
OR  "csr"."CRMREMARKS" LIKE :csr.CRMREMARKS: ESCAPE \'!\'
OR  "csr"."ITEMNO" LIKE :csr.ITEMNO: ESCAPE \'!\'
OR  "csr"."MATERIALNO" LIKE :csr.MATERIALNO: ESCAPE \'!\'
OR  "csr"."STOCKUNIT" LIKE :csr.STOCKUNIT: ESCAPE \'!\'
OR  "po"."PONUMBER" LIKE :po.PONUMBER: ESCAPE \'!\'
OR  "webot_RECEIPTS"."RECPNUMBER" LIKE :webot_RECEIPTS.RECPNUMBER: ESCAPE \'!\'
OR  "webot_RECEIPTS"."ITEMDESC" LIKE :webot_RECEIPTS.ITEMDESC: ESCAPE \'!\'
OR  "webot_RECEIPTS"."VDNAME" LIKE :webot_RECEIPTS.VDNAME: ESCAPE \'!\'
OR  "webot_RECEIPTS"."DESCRIPTIO" LIKE :webot_RECEIPTS.DESCRIPTIO: ESCAPE \'!\'
 )', [...], false)
 2 SYSTEMPATH\Model.php(606): CodeIgniter\Database\BaseBuilder->countAllResults(false)
 3 SYSTEMPATH\BaseModel.php(1188): CodeIgniter\Model->countAllResults(false)
 4 APPPATH\Controllers\GoodreceiptList.php(237): CodeIgniter\BaseModel->paginate(20, 'req_data')
 5 SYSTEMPATH\CodeIgniter.php(934): App\Controllers\GoodreceiptList->filter()
 6 SYSTEMPATH\CodeIgniter.php(499): CodeIgniter\CodeIgniter->runController(Object(App\Controllers\GoodreceiptList))
 7 SYSTEMPATH\CodeIgniter.php(368): CodeIgniter\CodeIgniter->handleRequest(null, Object(Config\Cache), false)
 8 FCPATH\index.php(67): CodeIgniter\CodeIgniter->run()
INFO - 2023-07-12 06:45:00 --> Session: Class initialized using 'CodeIgniter\Session\Handlers\FileHandler' driver.
ERROR - 2023-07-12 13:45:03 --> [Microsoft][ODBC Driver 13 for SQL Server][SQL Server]Invalid column name 'SERVICETYPE'.
CRITICAL - 2023-07-12 13:45:03 --> [Microsoft][ODBC Driver 13 for SQL Server][SQL Server]Invalid column name 'SERVICETYPE'.
in SYSTEMPATH\Database\BaseConnection.php on line 645.
 1 SYSTEMPATH\Database\BaseBuilder.php(1700): CodeIgniter\Database\BaseConnection->query('SELECT COUNT(*) AS "numrows"
FROM "ANDRITZ_db"."dbo"."webot_RECEIPTS"
LEFT JOIN "ANDRITZ_db"."dbo"."webot_CSR" "csr" ON "csr"."CSRUNIQ" = "webot_RECEIPTS"."CSRUNIQ"
JOIN "ANDRITZ_db"."dbo"."webot_PO" "po" ON "csr"."CSRUNIQ" = "po"."CSRUNIQ"
WHERE   (
"webot_RECEIPTS"."POSTINGSTAT" = :webot_RECEIPTS.POSTINGSTAT:
 )
AND   (
"webot_RECEIPTS"."RECPDATE" >= :webot_RECEIPTS.RECPDATE:
AND "webot_RECEIPTS"."RECPDATE" <= :webot_RECEIPTS.RECPDATE.1:
 )
AND   (
"csr"."CONTRACT" LIKE :csr.CONTRACT: ESCAPE \'!\'
OR  "csr"."PROJECT" LIKE :csr.PROJECT: ESCAPE \'!\'
OR  "csr"."MANAGER" LIKE :csr.MANAGER: ESCAPE \'!\'
OR  "csr"."SALESNAME" LIKE :csr.SALESNAME: ESCAPE \'!\'
OR  "csr"."PROJECT" LIKE :csr.PROJECT.1: ESCAPE \'!\'
OR  "csr"."PRJDESC" LIKE :csr.PRJDESC: ESCAPE \'!\'
OR  "csr"."CTDESC" LIKE :csr.CTDESC: ESCAPE \'!\'
OR  "csr"."PONUMBERCUST" LIKE :csr.PONUMBERCUST: ESCAPE \'!\'
OR  "csr"."CUSTOMER" LIKE :csr.CUSTOMER: ESCAPE \'!\'
OR  "csr"."NAMECUST" LIKE :csr.NAMECUST: ESCAPE \'!\'
OR  "csr"."EMAIL1CUST" LIKE :csr.EMAIL1CUST: ESCAPE \'!\'
OR  "csr"."CRMNO" LIKE :csr.CRMNO: ESCAPE \'!\'
OR  "csr"."ORDERDESC" LIKE :csr.ORDERDESC: ESCAPE \'!\'
OR  "csr"."SERVICETYPE" LIKE :csr.SERVICETYPE: ESCAPE \'!\'
OR  "csr"."CRMREMARKS" LIKE :csr.CRMREMARKS: ESCAPE \'!\'
OR  "csr"."ITEMNO" LIKE :csr.ITEMNO: ESCAPE \'!\'
OR  "csr"."MATERIALNO" LIKE :csr.MATERIALNO: ESCAPE \'!\'
OR  "csr"."STOCKUNIT" LIKE :csr.STOCKUNIT: ESCAPE \'!\'
OR  "po"."PONUMBER" LIKE :po.PONUMBER: ESCAPE \'!\'
OR  "webot_RECEIPTS"."RECPNUMBER" LIKE :webot_RECEIPTS.RECPNUMBER: ESCAPE \'!\'
OR  "webot_RECEIPTS"."ITEMDESC" LIKE :webot_RECEIPTS.ITEMDESC: ESCAPE \'!\'
OR  "webot_RECEIPTS"."VDNAME" LIKE :webot_RECEIPTS.VDNAME: ESCAPE \'!\'
OR  "webot_RECEIPTS"."DESCRIPTIO" LIKE :webot_RECEIPTS.DESCRIPTIO: ESCAPE \'!\'
 )', [...], false)
 2 SYSTEMPATH\Model.php(606): CodeIgniter\Database\BaseBuilder->countAllResults(false)
 3 SYSTEMPATH\BaseModel.php(1188): CodeIgniter\Model->countAllResults(false)
 4 APPPATH\Controllers\GoodreceiptList.php(237): CodeIgniter\BaseModel->paginate(20, 'req_data')
 5 SYSTEMPATH\CodeIgniter.php(934): App\Controllers\GoodreceiptList->filter()
 6 SYSTEMPATH\CodeIgniter.php(499): CodeIgniter\CodeIgniter->runController(Object(App\Controllers\GoodreceiptList))
 7 SYSTEMPATH\CodeIgniter.php(368): CodeIgniter\CodeIgniter->handleRequest(null, Object(Config\Cache), false)
 8 FCPATH\index.php(67): CodeIgniter\CodeIgniter->run()
INFO - 2023-07-12 06:45:06 --> Session: Class initialized using 'CodeIgniter\Session\Handlers\FileHandler' driver.
ERROR - 2023-07-12 13:45:06 --> [Microsoft][ODBC Driver 13 for SQL Server][SQL Server]Invalid column name 'SERVICETYPE'.
CRITICAL - 2023-07-12 13:45:06 --> [Microsoft][ODBC Driver 13 for SQL Server][SQL Server]Invalid column name 'SERVICETYPE'.
in SYSTEMPATH\Database\BaseConnection.php on line 645.
 1 SYSTEMPATH\Database\BaseBuilder.php(1700): CodeIgniter\Database\BaseConnection->query('SELECT COUNT(*) AS "numrows"
FROM "ANDRITZ_db"."dbo"."webot_RECEIPTS"
LEFT JOIN "ANDRITZ_db"."dbo"."webot_CSR" "csr" ON "csr"."CSRUNIQ" = "webot_RECEIPTS"."CSRUNIQ"
JOIN "ANDRITZ_db"."dbo"."webot_PO" "po" ON "csr"."CSRUNIQ" = "po"."CSRUNIQ"
WHERE   (
"webot_RECEIPTS"."POSTINGSTAT" = :webot_RECEIPTS.POSTINGSTAT:
 )
AND   (
"webot_RECEIPTS"."RECPDATE" >= :webot_RECEIPTS.RECPDATE:
AND "webot_RECEIPTS"."RECPDATE" <= :webot_RECEIPTS.RECPDATE.1:
 )
AND   (
"csr"."CONTRACT" LIKE :csr.CONTRACT: ESCAPE \'!\'
OR  "csr"."PROJECT" LIKE :csr.PROJECT: ESCAPE \'!\'
OR  "csr"."MANAGER" LIKE :csr.MANAGER: ESCAPE \'!\'
OR  "csr"."SALESNAME" LIKE :csr.SALESNAME: ESCAPE \'!\'
OR  "csr"."PROJECT" LIKE :csr.PROJECT.1: ESCAPE \'!\'
OR  "csr"."PRJDESC" LIKE :csr.PRJDESC: ESCAPE \'!\'
OR  "csr"."CTDESC" LIKE :csr.CTDESC: ESCAPE \'!\'
OR  "csr"."PONUMBERCUST" LIKE :csr.PONUMBERCUST: ESCAPE \'!\'
OR  "csr"."CUSTOMER" LIKE :csr.CUSTOMER: ESCAPE \'!\'
OR  "csr"."NAMECUST" LIKE :csr.NAMECUST: ESCAPE \'!\'
OR  "csr"."EMAIL1CUST" LIKE :csr.EMAIL1CUST: ESCAPE \'!\'
OR  "csr"."CRMNO" LIKE :csr.CRMNO: ESCAPE \'!\'
OR  "csr"."ORDERDESC" LIKE :csr.ORDERDESC: ESCAPE \'!\'
OR  "csr"."SERVICETYPE" LIKE :csr.SERVICETYPE: ESCAPE \'!\'
OR  "csr"."CRMREMARKS" LIKE :csr.CRMREMARKS: ESCAPE \'!\'
OR  "csr"."ITEMNO" LIKE :csr.ITEMNO: ESCAPE \'!\'
OR  "csr"."MATERIALNO" LIKE :csr.MATERIALNO: ESCAPE \'!\'
OR  "csr"."STOCKUNIT" LIKE :csr.STOCKUNIT: ESCAPE \'!\'
OR  "po"."PONUMBER" LIKE :po.PONUMBER: ESCAPE \'!\'
OR  "webot_RECEIPTS"."RECPNUMBER" LIKE :webot_RECEIPTS.RECPNUMBER: ESCAPE \'!\'
OR  "webot_RECEIPTS"."ITEMDESC" LIKE :webot_RECEIPTS.ITEMDESC: ESCAPE \'!\'
OR  "webot_RECEIPTS"."VDNAME" LIKE :webot_RECEIPTS.VDNAME: ESCAPE \'!\'
OR  "webot_RECEIPTS"."DESCRIPTIO" LIKE :webot_RECEIPTS.DESCRIPTIO: ESCAPE \'!\'
 )', [...], false)
 2 SYSTEMPATH\Model.php(606): CodeIgniter\Database\BaseBuilder->countAllResults(false)
 3 SYSTEMPATH\BaseModel.php(1188): CodeIgniter\Model->countAllResults(false)
 4 APPPATH\Controllers\GoodreceiptList.php(237): CodeIgniter\BaseModel->paginate(20, 'req_data')
 5 SYSTEMPATH\CodeIgniter.php(934): App\Controllers\GoodreceiptList->filter()
 6 SYSTEMPATH\CodeIgniter.php(499): CodeIgniter\CodeIgniter->runController(Object(App\Controllers\GoodreceiptList))
 7 SYSTEMPATH\CodeIgniter.php(368): CodeIgniter\CodeIgniter->handleRequest(null, Object(Config\Cache), false)
 8 FCPATH\index.php(67): CodeIgniter\CodeIgniter->run()
INFO - 2023-07-12 06:49:20 --> Session: Class initialized using 'CodeIgniter\Session\Handlers\FileHandler' driver.
ERROR - 2023-07-12 13:49:20 --> [Microsoft][ODBC Driver 13 for SQL Server][SQL Server]Invalid column name 'SERVICETYPE'.
CRITICAL - 2023-07-12 13:49:21 --> [Microsoft][ODBC Driver 13 for SQL Server][SQL Server]Invalid column name 'SERVICETYPE'.
in SYSTEMPATH\Database\BaseConnection.php on line 645.
 1 SYSTEMPATH\Database\BaseBuilder.php(1700): CodeIgniter\Database\BaseConnection->query('SELECT COUNT(*) AS "numrows"
FROM "ANDRITZ_db"."dbo"."webot_RECEIPTS"
LEFT JOIN "ANDRITZ_db"."dbo"."webot_CSR" "csr" ON "csr"."CSRUNIQ" = "webot_RECEIPTS"."CSRUNIQ"
JOIN "ANDRITZ_db"."dbo"."webot_PO" "po" ON "csr"."CSRUNIQ" = "po"."CSRUNIQ"
WHERE   (
"webot_RECEIPTS"."POSTINGSTAT" = :webot_RECEIPTS.POSTINGSTAT:
 )
AND   (
"webot_RECEIPTS"."RECPDATE" >= :webot_RECEIPTS.RECPDATE:
AND "webot_RECEIPTS"."RECPDATE" <= :webot_RECEIPTS.RECPDATE.1:
 )
AND   (
"csr"."CONTRACT" LIKE :csr.CONTRACT: ESCAPE \'!\'
OR  "csr"."PROJECT" LIKE :csr.PROJECT: ESCAPE \'!\'
OR  "csr"."MANAGER" LIKE :csr.MANAGER: ESCAPE \'!\'
OR  "csr"."SALESNAME" LIKE :csr.SALESNAME: ESCAPE \'!\'
OR  "csr"."PROJECT" LIKE :csr.PROJECT.1: ESCAPE \'!\'
OR  "csr"."PRJDESC" LIKE :csr.PRJDESC: ESCAPE \'!\'
OR  "csr"."CTDESC" LIKE :csr.CTDESC: ESCAPE \'!\'
OR  "csr"."PONUMBERCUST" LIKE :csr.PONUMBERCUST: ESCAPE \'!\'
OR  "csr"."CUSTOMER" LIKE :csr.CUSTOMER: ESCAPE \'!\'
OR  "csr"."NAMECUST" LIKE :csr.NAMECUST: ESCAPE \'!\'
OR  "csr"."EMAIL1CUST" LIKE :csr.EMAIL1CUST: ESCAPE \'!\'
OR  "csr"."CRMNO" LIKE :csr.CRMNO: ESCAPE \'!\'
OR  "csr"."ORDERDESC" LIKE :csr.ORDERDESC: ESCAPE \'!\'
OR  "csr"."SERVICETYPE" LIKE :csr.SERVICETYPE: ESCAPE \'!\'
OR  "csr"."CRMREMARKS" LIKE :csr.CRMREMARKS: ESCAPE \'!\'
OR  "po"."PONUMBER" LIKE :po.PONUMBER: ESCAPE \'!\'
OR  "webot_RECEIPTS"."RECPNUMBER" LIKE :webot_RECEIPTS.RECPNUMBER: ESCAPE \'!\'
OR  "webot_RECEIPTS"."VDNAME" LIKE :webot_RECEIPTS.VDNAME: ESCAPE \'!\'
OR  "webot_RECEIPTS"."DESCRIPTIO" LIKE :webot_RECEIPTS.DESCRIPTIO: ESCAPE \'!\'
 )', [...], false)
 2 SYSTEMPATH\Model.php(606): CodeIgniter\Database\BaseBuilder->countAllResults(false)
 3 SYSTEMPATH\BaseModel.php(1188): CodeIgniter\Model->countAllResults(false)
 4 APPPATH\Controllers\GoodreceiptList.php(235): CodeIgniter\BaseModel->paginate(20, 'req_data')
 5 SYSTEMPATH\CodeIgniter.php(934): App\Controllers\GoodreceiptList->filter()
 6 SYSTEMPATH\CodeIgniter.php(499): CodeIgniter\CodeIgniter->runController(Object(App\Controllers\GoodreceiptList))
 7 SYSTEMPATH\CodeIgniter.php(368): CodeIgniter\CodeIgniter->handleRequest(null, Object(Config\Cache), false)
 8 FCPATH\index.php(67): CodeIgniter\CodeIgniter->run()
INFO - 2023-07-12 06:49:22 --> Session: Class initialized using 'CodeIgniter\Session\Handlers\FileHandler' driver.
ERROR - 2023-07-12 13:49:22 --> [Microsoft][ODBC Driver 13 for SQL Server][SQL Server]Invalid column name 'SERVICETYPE'.
CRITICAL - 2023-07-12 13:49:22 --> [Microsoft][ODBC Driver 13 for SQL Server][SQL Server]Invalid column name 'SERVICETYPE'.
in SYSTEMPATH\Database\BaseConnection.php on line 645.
 1 SYSTEMPATH\Database\BaseBuilder.php(1700): CodeIgniter\Database\BaseConnection->query('SELECT COUNT(*) AS "numrows"
FROM "ANDRITZ_db"."dbo"."webot_RECEIPTS"
LEFT JOIN "ANDRITZ_db"."dbo"."webot_CSR" "csr" ON "csr"."CSRUNIQ" = "webot_RECEIPTS"."CSRUNIQ"
JOIN "ANDRITZ_db"."dbo"."webot_PO" "po" ON "csr"."CSRUNIQ" = "po"."CSRUNIQ"
WHERE   (
"webot_RECEIPTS"."POSTINGSTAT" = :webot_RECEIPTS.POSTINGSTAT:
 )
AND   (
"webot_RECEIPTS"."RECPDATE" >= :webot_RECEIPTS.RECPDATE:
AND "webot_RECEIPTS"."RECPDATE" <= :webot_RECEIPTS.RECPDATE.1:
 )
AND   (
"csr"."CONTRACT" LIKE :csr.CONTRACT: ESCAPE \'!\'
OR  "csr"."PROJECT" LIKE :csr.PROJECT: ESCAPE \'!\'
OR  "csr"."MANAGER" LIKE :csr.MANAGER: ESCAPE \'!\'
OR  "csr"."SALESNAME" LIKE :csr.SALESNAME: ESCAPE \'!\'
OR  "csr"."PROJECT" LIKE :csr.PROJECT.1: ESCAPE \'!\'
OR  "csr"."PRJDESC" LIKE :csr.PRJDESC: ESCAPE \'!\'
OR  "csr"."CTDESC" LIKE :csr.CTDESC: ESCAPE \'!\'
OR  "csr"."PONUMBERCUST" LIKE :csr.PONUMBERCUST: ESCAPE \'!\'
OR  "csr"."CUSTOMER" LIKE :csr.CUSTOMER: ESCAPE \'!\'
OR  "csr"."NAMECUST" LIKE :csr.NAMECUST: ESCAPE \'!\'
OR  "csr"."EMAIL1CUST" LIKE :csr.EMAIL1CUST: ESCAPE \'!\'
OR  "csr"."CRMNO" LIKE :csr.CRMNO: ESCAPE \'!\'
OR  "csr"."ORDERDESC" LIKE :csr.ORDERDESC: ESCAPE \'!\'
OR  "csr"."SERVICETYPE" LIKE :csr.SERVICETYPE: ESCAPE \'!\'
OR  "csr"."CRMREMARKS" LIKE :csr.CRMREMARKS: ESCAPE \'!\'
OR  "po"."PONUMBER" LIKE :po.PONUMBER: ESCAPE \'!\'
OR  "webot_RECEIPTS"."RECPNUMBER" LIKE :webot_RECEIPTS.RECPNUMBER: ESCAPE \'!\'
OR  "webot_RECEIPTS"."VDNAME" LIKE :webot_RECEIPTS.VDNAME: ESCAPE \'!\'
OR  "webot_RECEIPTS"."DESCRIPTIO" LIKE :webot_RECEIPTS.DESCRIPTIO: ESCAPE \'!\'
 )', [...], false)
 2 SYSTEMPATH\Model.php(606): CodeIgniter\Database\BaseBuilder->countAllResults(false)
 3 SYSTEMPATH\BaseModel.php(1188): CodeIgniter\Model->countAllResults(false)
 4 APPPATH\Controllers\GoodreceiptList.php(235): CodeIgniter\BaseModel->paginate(20, 'req_data')
 5 SYSTEMPATH\CodeIgniter.php(934): App\Controllers\GoodreceiptList->filter()
 6 SYSTEMPATH\CodeIgniter.php(499): CodeIgniter\CodeIgniter->runController(Object(App\Controllers\GoodreceiptList))
 7 SYSTEMPATH\CodeIgniter.php(368): CodeIgniter\CodeIgniter->handleRequest(null, Object(Config\Cache), false)
 8 FCPATH\index.php(67): CodeIgniter\CodeIgniter->run()
INFO - 2023-07-12 06:49:37 --> Session: Class initialized using 'CodeIgniter\Session\Handlers\FileHandler' driver.
INFO - 2023-07-12 06:49:46 --> Session: Class initialized using 'CodeIgniter\Session\Handlers\FileHandler' driver.
INFO - 2023-07-12 06:49:53 --> Session: Class initialized using 'CodeIgniter\Session\Handlers\FileHandler' driver.
INFO - 2023-07-12 06:49:54 --> Session: Class initialized using 'CodeIgniter\Session\Handlers\FileHandler' driver.
INFO - 2023-07-12 06:49:57 --> Session: Class initialized using 'CodeIgniter\Session\Handlers\FileHandler' driver.
INFO - 2023-07-12 06:49:57 --> Session: Class initialized using 'CodeIgniter\Session\Handlers\FileHandler' driver.
INFO - 2023-07-12 06:49:58 --> Session: Class initialized using 'CodeIgniter\Session\Handlers\FileHandler' driver.
INFO - 2023-07-12 06:49:58 --> Session: Class initialized using 'CodeIgniter\Session\Handlers\FileHandler' driver.
INFO - 2023-07-12 06:50:07 --> Session: Class initialized using 'CodeIgniter\Session\Handlers\FileHandler' driver.
INFO - 2023-07-12 06:50:11 --> Session: Class initialized using 'CodeIgniter\Session\Handlers\FileHandler' driver.
INFO - 2023-07-12 06:50:11 --> Session: Class initialized using 'CodeIgniter\Session\Handlers\FileHandler' driver.
INFO - 2023-07-12 06:50:12 --> Session: Class initialized using 'CodeIgniter\Session\Handlers\FileHandler' driver.
INFO - 2023-07-12 06:50:13 --> Session: Class initialized using 'CodeIgniter\Session\Handlers\FileHandler' driver.
ERROR - 2023-07-12 13:50:14 --> [Microsoft][ODBC Driver 13 for SQL Server][SQL Server]Invalid column name 'RECPITEMNO'.
CRITICAL - 2023-07-12 13:50:14 --> [Microsoft][ODBC Driver 13 for SQL Server][SQL Server]Invalid column name 'RECPITEMNO'.
in SYSTEMPATH\Database\BaseConnection.php on line 645.
 1 APPPATH\Models\Goodreceipt_model.php(300): CodeIgniter\Database\BaseConnection->query('select a.*,b.*,c.* from webot_RECEIPTS a left join webot_CSR b on a.CSRUNIQ = b.CSRUNIQ 
        left join webot_PO c on b.CSRUNIQ = c.CSRUNIQ and a.POUNIQ=c.POUNIQ
        where (a.POSTINGSTAT = \'1\') and 
        (b.CONTRACT like \'%SPARE PARTS FOR PULP MACHINE:%\' or b.CTDESC like \'%SPARE PARTS FOR PULP MACHINE:%\' or b.MANAGER like \'%SPARE PARTS FOR PULP MACHINE:%\' or b.SALESNAME like \'%SPARE PARTS FOR PULP MACHINE:%\'
        or b.PROJECT like \'%SPARE PARTS FOR PULP MACHINE:%\' or b.PRJDESC like \'%SPARE PARTS FOR PULP MACHINE:%\' or b.PONUMBERCUST like \'%SPARE PARTS FOR PULP MACHINE:%\' or b.CUSTOMER like \'%SPARE PARTS FOR PULP MACHINE:%\'
        or b.NAMECUST like \'%SPARE PARTS FOR PULP MACHINE:%\' or b.EMAIL1CUST like \'%SPARE PARTS FOR PULP MACHINE:%\' or b.CRMNO like \'%SPARE PARTS FOR PULP MACHINE:%\' or b.ORDERDESC like \'%SPARE PARTS FOR PULP MACHINE:%\'
         or b.CRMREMARKS like \'%SPARE PARTS FOR PULP MACHINE:%\'  or c.PONUMBER like \'%SPARE PARTS FOR PULP MACHINE:%\' or a.RECPNUMBER like \'%SPARE PARTS FOR PULP MACHINE:%\' or a.VDNAME like \'%SPARE PARTS FOR PULP MACHINE:%\' 
       or a.DESCRIPTIO like \'%SPARE PARTS FOR PULP MACHINE:%\'   or a.RECPITEMNO like \'%SPARE PARTS FOR PULP MACHINE:%\') and
        (a.RECPDATE>=20230101 and a.RECPDATE<=20230731)
        order by a.RECPDATE asc')
 2 APPPATH\Controllers\GoodreceiptList.php(270): App\Models\Goodreceipt_model->get_gr_preview_filter('SPARE PARTS FOR PULP MACHINE:', '20230101', '20230731')
 3 SYSTEMPATH\CodeIgniter.php(934): App\Controllers\GoodreceiptList->preview()
 4 SYSTEMPATH\CodeIgniter.php(499): CodeIgniter\CodeIgniter->runController(Object(App\Controllers\GoodreceiptList))
 5 SYSTEMPATH\CodeIgniter.php(368): CodeIgniter\CodeIgniter->handleRequest(null, Object(Config\Cache), false)
 6 FCPATH\index.php(67): CodeIgniter\CodeIgniter->run()
INFO - 2023-07-12 06:50:17 --> Session: Class initialized using 'CodeIgniter\Session\Handlers\FileHandler' driver.
ERROR - 2023-07-12 13:50:17 --> [Microsoft][ODBC Driver 13 for SQL Server][SQL Server]Invalid column name 'RECPITEMNO'.
CRITICAL - 2023-07-12 13:50:17 --> [Microsoft][ODBC Driver 13 for SQL Server][SQL Server]Invalid column name 'RECPITEMNO'.
in SYSTEMPATH\Database\BaseConnection.php on line 645.
 1 APPPATH\Models\Goodreceipt_model.php(300): CodeIgniter\Database\BaseConnection->query('select a.*,b.*,c.* from webot_RECEIPTS a left join webot_CSR b on a.CSRUNIQ = b.CSRUNIQ 
        left join webot_PO c on b.CSRUNIQ = c.CSRUNIQ and a.POUNIQ=c.POUNIQ
        where (a.POSTINGSTAT = \'1\') and 
        (b.CONTRACT like \'%SPARE PARTS FOR PULP MACHINE:%\' or b.CTDESC like \'%SPARE PARTS FOR PULP MACHINE:%\' or b.MANAGER like \'%SPARE PARTS FOR PULP MACHINE:%\' or b.SALESNAME like \'%SPARE PARTS FOR PULP MACHINE:%\'
        or b.PROJECT like \'%SPARE PARTS FOR PULP MACHINE:%\' or b.PRJDESC like \'%SPARE PARTS FOR PULP MACHINE:%\' or b.PONUMBERCUST like \'%SPARE PARTS FOR PULP MACHINE:%\' or b.CUSTOMER like \'%SPARE PARTS FOR PULP MACHINE:%\'
        or b.NAMECUST like \'%SPARE PARTS FOR PULP MACHINE:%\' or b.EMAIL1CUST like \'%SPARE PARTS FOR PULP MACHINE:%\' or b.CRMNO like \'%SPARE PARTS FOR PULP MACHINE:%\' or b.ORDERDESC like \'%SPARE PARTS FOR PULP MACHINE:%\'
         or b.CRMREMARKS like \'%SPARE PARTS FOR PULP MACHINE:%\'  or c.PONUMBER like \'%SPARE PARTS FOR PULP MACHINE:%\' or a.RECPNUMBER like \'%SPARE PARTS FOR PULP MACHINE:%\' or a.VDNAME like \'%SPARE PARTS FOR PULP MACHINE:%\' 
       or a.DESCRIPTIO like \'%SPARE PARTS FOR PULP MACHINE:%\'   or a.RECPITEMNO like \'%SPARE PARTS FOR PULP MACHINE:%\') and
        (a.RECPDATE>=20230101 and a.RECPDATE<=20230731)
        order by a.RECPDATE asc')
 2 APPPATH\Controllers\GoodreceiptList.php(270): App\Models\Goodreceipt_model->get_gr_preview_filter('SPARE PARTS FOR PULP MACHINE:', '20230101', '20230731')
 3 SYSTEMPATH\CodeIgniter.php(934): App\Controllers\GoodreceiptList->preview()
 4 SYSTEMPATH\CodeIgniter.php(499): CodeIgniter\CodeIgniter->runController(Object(App\Controllers\GoodreceiptList))
 5 SYSTEMPATH\CodeIgniter.php(368): CodeIgniter\CodeIgniter->handleRequest(null, Object(Config\Cache), false)
 6 FCPATH\index.php(67): CodeIgniter\CodeIgniter->run()
INFO - 2023-07-12 06:50:25 --> Session: Class initialized using 'CodeIgniter\Session\Handlers\FileHandler' driver.
INFO - 2023-07-12 06:50:26 --> Session: Class initialized using 'CodeIgniter\Session\Handlers\FileHandler' driver.
INFO - 2023-07-12 06:50:31 --> Session: Class initialized using 'CodeIgniter\Session\Handlers\FileHandler' driver.
INFO - 2023-07-12 06:50:32 --> Session: Class initialized using 'CodeIgniter\Session\Handlers\FileHandler' driver.
INFO - 2023-07-12 06:50:41 --> Session: Class initialized using 'CodeIgniter\Session\Handlers\FileHandler' driver.
INFO - 2023-07-12 06:50:42 --> Session: Class initialized using 'CodeIgniter\Session\Handlers\FileHandler' driver.
INFO - 2023-07-12 06:50:51 --> Session: Class initialized using 'CodeIgniter\Session\Handlers\FileHandler' driver.
INFO - 2023-07-12 06:50:52 --> Session: Class initialized using 'CodeIgniter\Session\Handlers\FileHandler' driver.
INFO - 2023-07-12 06:51:02 --> Session: Class initialized using 'CodeIgniter\Session\Handlers\FileHandler' driver.
INFO - 2023-07-12 06:51:03 --> Session: Class initialized using 'CodeIgniter\Session\Handlers\FileHandler' driver.
INFO - 2023-07-12 06:51:06 --> Session: Class initialized using 'CodeIgniter\Session\Handlers\FileHandler' driver.
CRITICAL - 2023-07-12 13:51:08 --> Undefined index: RECPITEMNO
in APPPATH\Views\goodreceipt\data_gr_list_preview.php on line 83.
 1 APPPATH\Views\goodreceipt\data_gr_list_preview.php(83): CodeIgniter\Debug\Exceptions->errorHandler(8, 'Undefined index: RECPITEMNO', 'APPPATH\\Views\\goodreceipt\\data_gr_list_preview.php', 83, [...])
 2 SYSTEMPATH\View\View.php(213): include('APPPATH\\Views\\goodreceipt\\data_gr_list_preview.php')
 3 SYSTEMPATH\View\View.php(216): CodeIgniter\View\View->CodeIgniter\View\{closure}()
 4 SYSTEMPATH\Common.php(1184): CodeIgniter\View\View->render('goodreceipt/data_gr_list_preview', [], true)
 5 APPPATH\Controllers\GoodreceiptList.php(281): view('goodreceipt/data_gr_list_preview', [...])
 6 SYSTEMPATH\CodeIgniter.php(934): App\Controllers\GoodreceiptList->preview()
 7 SYSTEMPATH\CodeIgniter.php(499): CodeIgniter\CodeIgniter->runController(Object(App\Controllers\GoodreceiptList))
 8 SYSTEMPATH\CodeIgniter.php(368): CodeIgniter\CodeIgniter->handleRequest(null, Object(Config\Cache), false)
 9 FCPATH\index.php(67): CodeIgniter\CodeIgniter->run()
INFO - 2023-07-12 06:51:18 --> Session: Class initialized using 'CodeIgniter\Session\Handlers\FileHandler' driver.
INFO - 2023-07-12 06:51:20 --> Session: Class initialized using 'CodeIgniter\Session\Handlers\FileHandler' driver.
INFO - 2023-07-12 06:51:30 --> Session: Class initialized using 'CodeIgniter\Session\Handlers\FileHandler' driver.
CRITICAL - 2023-07-12 13:51:31 --> Undefined index: RECPITEMNO
in APPPATH\Views\goodreceipt\data_gr_list_preview.php on line 83.
 1 APPPATH\Views\goodreceipt\data_gr_list_preview.php(83): CodeIgniter\Debug\Exceptions->errorHandler(8, 'Undefined index: RECPITEMNO', 'APPPATH\\Views\\goodreceipt\\data_gr_list_preview.php', 83, [...])
 2 SYSTEMPATH\View\View.php(213): include('APPPATH\\Views\\goodreceipt\\data_gr_list_preview.php')
 3 SYSTEMPATH\View\View.php(216): CodeIgniter\View\View->CodeIgniter\View\{closure}()
 4 SYSTEMPATH\Common.php(1184): CodeIgniter\View\View->render('goodreceipt/data_gr_list_preview', [], true)
 5 APPPATH\Controllers\GoodreceiptList.php(281): view('goodreceipt/data_gr_list_preview', [...])
 6 SYSTEMPATH\CodeIgniter.php(934): App\Controllers\GoodreceiptList->preview()
 7 SYSTEMPATH\CodeIgniter.php(499): CodeIgniter\CodeIgniter->runController(Object(App\Controllers\GoodreceiptList))
 8 SYSTEMPATH\CodeIgniter.php(368): CodeIgniter\CodeIgniter->handleRequest(null, Object(Config\Cache), false)
 9 FCPATH\index.php(67): CodeIgniter\CodeIgniter->run()
INFO - 2023-07-12 06:51:32 --> Session: Class initialized using 'CodeIgniter\Session\Handlers\FileHandler' driver.
INFO - 2023-07-12 06:51:32 --> Session: Class initialized using 'CodeIgniter\Session\Handlers\FileHandler' driver.
CRITICAL - 2023-07-12 13:51:32 --> Undefined index: RECPITEMNO
in APPPATH\Views\goodreceipt\data_gr_list_preview.php on line 83.
 1 APPPATH\Views\goodreceipt\data_gr_list_preview.php(83): CodeIgniter\Debug\Exceptions->errorHandler(8, 'Undefined index: RECPITEMNO', 'APPPATH\\Views\\goodreceipt\\data_gr_list_preview.php', 83, [...])
 2 SYSTEMPATH\View\View.php(213): include('APPPATH\\Views\\goodreceipt\\data_gr_list_preview.php')
 3 SYSTEMPATH\View\View.php(216): CodeIgniter\View\View->CodeIgniter\View\{closure}()
 4 SYSTEMPATH\Common.php(1184): CodeIgniter\View\View->render('goodreceipt/data_gr_list_preview', [], true)
 5 APPPATH\Controllers\GoodreceiptList.php(281): view('goodreceipt/data_gr_list_preview', [...])
 6 SYSTEMPATH\CodeIgniter.php(934): App\Controllers\GoodreceiptList->preview()
 7 SYSTEMPATH\CodeIgniter.php(499): CodeIgniter\CodeIgniter->runController(Object(App\Controllers\GoodreceiptList))
 8 SYSTEMPATH\CodeIgniter.php(368): CodeIgniter\CodeIgniter->handleRequest(null, Object(Config\Cache), false)
 9 FCPATH\index.php(67): CodeIgniter\CodeIgniter->run()
INFO - 2023-07-12 06:51:33 --> Session: Class initialized using 'CodeIgniter\Session\Handlers\FileHandler' driver.
INFO - 2023-07-12 06:51:35 --> Session: Class initialized using 'CodeIgniter\Session\Handlers\FileHandler' driver.
CRITICAL - 2023-07-12 13:51:35 --> Undefined index: RECPITEMNO
in APPPATH\Views\goodreceipt\data_gr_list_preview.php on line 83.
 1 APPPATH\Views\goodreceipt\data_gr_list_preview.php(83): CodeIgniter\Debug\Exceptions->errorHandler(8, 'Undefined index: RECPITEMNO', 'APPPATH\\Views\\goodreceipt\\data_gr_list_preview.php', 83, [...])
 2 SYSTEMPATH\View\View.php(213): include('APPPATH\\Views\\goodreceipt\\data_gr_list_preview.php')
 3 SYSTEMPATH\View\View.php(216): CodeIgniter\View\View->CodeIgniter\View\{closure}()
 4 SYSTEMPATH\Common.php(1184): CodeIgniter\View\View->render('goodreceipt/data_gr_list_preview', [], true)
 5 APPPATH\Controllers\GoodreceiptList.php(281): view('goodreceipt/data_gr_list_preview', [...])
 6 SYSTEMPATH\CodeIgniter.php(934): App\Controllers\GoodreceiptList->preview()
 7 SYSTEMPATH\CodeIgniter.php(499): CodeIgniter\CodeIgniter->runController(Object(App\Controllers\GoodreceiptList))
 8 SYSTEMPATH\CodeIgniter.php(368): CodeIgniter\CodeIgniter->handleRequest(null, Object(Config\Cache), false)
 9 FCPATH\index.php(67): CodeIgniter\CodeIgniter->run()
INFO - 2023-07-12 06:52:31 --> Session: Class initialized using 'CodeIgniter\Session\Handlers\FileHandler' driver.
INFO - 2023-07-12 06:52:32 --> Session: Class initialized using 'CodeIgniter\Session\Handlers\FileHandler' driver.
INFO - 2023-07-12 06:53:32 --> Session: Class initialized using 'CodeIgniter\Session\Handlers\FileHandler' driver.
INFO - 2023-07-12 06:53:33 --> Session: Class initialized using 'CodeIgniter\Session\Handlers\FileHandler' driver.
INFO - 2023-07-12 06:54:01 --> Session: Class initialized using 'CodeIgniter\Session\Handlers\FileHandler' driver.
INFO - 2023-07-12 06:54:03 --> Session: Class initialized using 'CodeIgniter\Session\Handlers\FileHandler' driver.
INFO - 2023-07-12 06:54:07 --> Session: Class initialized using 'CodeIgniter\Session\Handlers\FileHandler' driver.
INFO - 2023-07-12 06:54:12 --> Session: Class initialized using 'CodeIgniter\Session\Handlers\FileHandler' driver.
INFO - 2023-07-12 06:54:16 --> Session: Class initialized using 'CodeIgniter\Session\Handlers\FileHandler' driver.
INFO - 2023-07-12 06:54:20 --> Session: Class initialized using 'CodeIgniter\Session\Handlers\FileHandler' driver.
INFO - 2023-07-12 06:54:32 --> Session: Class initialized using 'CodeIgniter\Session\Handlers\FileHandler' driver.
INFO - 2023-07-12 06:54:33 --> Session: Class initialized using 'CodeIgniter\Session\Handlers\FileHandler' driver.
INFO - 2023-07-12 06:54:44 --> Session: Class initialized using 'CodeIgniter\Session\Handlers\FileHandler' driver.
INFO - 2023-07-12 06:54:46 --> Session: Class initialized using 'CodeIgniter\Session\Handlers\FileHandler' driver.
INFO - 2023-07-12 06:54:48 --> Session: Class initialized using 'CodeIgniter\Session\Handlers\FileHandler' driver.
CRITICAL - 2023-07-12 13:54:56 --> Undefined index: RECPQTY
in APPPATH\Controllers\GoodreceiptList.php on line 395.
 1 APPPATH\Controllers\GoodreceiptList.php(395): CodeIgniter\Debug\Exceptions->errorHandler(8, 'Undefined index: RECPQTY', 'APPPATH\\Controllers\\GoodreceiptList.php', 395, [...])
 2 SYSTEMPATH\CodeIgniter.php(934): App\Controllers\GoodreceiptList->export_excel()
 3 SYSTEMPATH\CodeIgniter.php(499): CodeIgniter\CodeIgniter->runController(Object(App\Controllers\GoodreceiptList))
 4 SYSTEMPATH\CodeIgniter.php(368): CodeIgniter\CodeIgniter->handleRequest(null, Object(Config\Cache), false)
 5 FCPATH\index.php(67): CodeIgniter\CodeIgniter->run()
INFO - 2023-07-12 06:54:57 --> Session: Class initialized using 'CodeIgniter\Session\Handlers\FileHandler' driver.
INFO - 2023-07-12 06:54:57 --> Session: Class initialized using 'CodeIgniter\Session\Handlers\FileHandler' driver.
INFO - 2023-07-12 06:54:58 --> Session: Class initialized using 'CodeIgniter\Session\Handlers\FileHandler' driver.
CRITICAL - 2023-07-12 13:54:59 --> Undefined index: RECPQTY
in APPPATH\Controllers\GoodreceiptList.php on line 395.
 1 APPPATH\Controllers\GoodreceiptList.php(395): CodeIgniter\Debug\Exceptions->errorHandler(8, 'Undefined index: RECPQTY', 'APPPATH\\Controllers\\GoodreceiptList.php', 395, [...])
 2 SYSTEMPATH\CodeIgniter.php(934): App\Controllers\GoodreceiptList->export_excel()
 3 SYSTEMPATH\CodeIgniter.php(499): CodeIgniter\CodeIgniter->runController(Object(App\Controllers\GoodreceiptList))
 4 SYSTEMPATH\CodeIgniter.php(368): CodeIgniter\CodeIgniter->handleRequest(null, Object(Config\Cache), false)
 5 FCPATH\index.php(67): CodeIgniter\CodeIgniter->run()
CRITICAL - 2023-07-12 13:54:59 --> Uncaught PhpOffice\PhpSpreadsheet\Exception: Spreadsheet objects cannot be json encoded in E:\xampp\htdocs\Andritz-Sage\vendor\phpoffice\phpspreadsheet\src\PhpSpreadsheet\Spreadsheet.php:1655
Stack trace:
#0 [internal function]: PhpOffice\PhpSpreadsheet\Spreadsheet->jsonSerialize()
#1 E:\xampp\htdocs\Andritz-Sage\system\Format\JSONFormatter.php(38): json_encode(Array, 960, 512)
#2 E:\xampp\htdocs\Andritz-Sage\system\API\ResponseTrait.php(346): CodeIgniter\Format\JSONFormatter->format(Array)
#3 E:\xampp\htdocs\Andritz-Sage\system\API\ResponseTrait.php(99): CodeIgniter\Debug\Exceptions->format(Array)
#4 E:\xampp\htdocs\Andritz-Sage\system\Debug\Exceptions.php(145): CodeIgniter\Debug\Exceptions->respond(Array, 500)
#5 [internal function]: CodeIgniter\Debug\Exceptions->exceptionHandler(Object(ErrorException))
#6 {main}
  thrown
【Previous Exception】
ErrorException
Undefined index: RECPQTY
#0 E:\xampp\htdocs\Andritz-Sage\app\Controllers\GoodreceiptList.php(395): CodeIgniter\Debug\Exceptions->errorHandler(8, 'Undefined index...', 'E:\\xampp\\htdocs...', 395, Array)
#1 E:\xampp\htdocs\Andritz-Sage\system\CodeIgniter.php(934): App\Controllers\GoodreceiptList->export_excel()
#2 E:\xampp\htdocs\Andritz-Sage\system\CodeIgniter.php(499): CodeIgniter\CodeIgniter->runController(Object(App\Controllers\GoodreceiptList))
#3 E:\xampp\htdocs\Andritz-Sage\system\CodeIgniter.php(368): CodeIgniter\CodeIgniter->handleRequest(NULL, Object(Config\Cache), false)
#4 E:\xampp\htdocs\Andritz-Sage\public\index.php(67): CodeIgniter\CodeIgniter->run()
#5 {main}
in VENDORPATH\phpoffice\phpspreadsheet\src\PhpSpreadsheet\Spreadsheet.php on line 1655.
 1 [internal function]: CodeIgniter\Debug\Exceptions->shutdownHandler()
INFO - 2023-07-12 06:55:09 --> Session: Class initialized using 'CodeIgniter\Session\Handlers\FileHandler' driver.
INFO - 2023-07-12 06:55:11 --> Session: Class initialized using 'CodeIgniter\Session\Handlers\FileHandler' driver.
INFO - 2023-07-12 06:55:15 --> Session: Class initialized using 'CodeIgniter\Session\Handlers\FileHandler' driver.
INFO - 2023-07-12 06:55:17 --> Session: Class initialized using 'CodeIgniter\Session\Handlers\FileHandler' driver.
INFO - 2023-07-12 06:55:22 --> Session: Class initialized using 'CodeIgniter\Session\Handlers\FileHandler' driver.
INFO - 2023-07-12 06:55:24 --> Session: Class initialized using 'CodeIgniter\Session\Handlers\FileHandler' driver.
INFO - 2023-07-12 06:55:32 --> Session: Class initialized using 'CodeIgniter\Session\Handlers\FileHandler' driver.
INFO - 2023-07-12 06:55:33 --> Session: Class initialized using 'CodeIgniter\Session\Handlers\FileHandler' driver.
INFO - 2023-07-12 06:55:41 --> Session: Class initialized using 'CodeIgniter\Session\Handlers\FileHandler' driver.
INFO - 2023-07-12 06:55:42 --> Session: Class initialized using 'CodeIgniter\Session\Handlers\FileHandler' driver.
INFO - 2023-07-12 06:56:32 --> Session: Class initialized using 'CodeIgniter\Session\Handlers\FileHandler' driver.
INFO - 2023-07-12 06:56:34 --> Session: Class initialized using 'CodeIgniter\Session\Handlers\FileHandler' driver.
INFO - 2023-07-12 06:56:49 --> Session: Class initialized using 'CodeIgniter\Session\Handlers\FileHandler' driver.
INFO - 2023-07-12 06:56:50 --> Session: Class initialized using 'CodeIgniter\Session\Handlers\FileHandler' driver.
INFO - 2023-07-12 06:56:51 --> Session: Class initialized using 'CodeIgniter\Session\Handlers\FileHandler' driver.
INFO - 2023-07-12 06:56:51 --> Session: Class initialized using 'CodeIgniter\Session\Handlers\FileHandler' driver.
INFO - 2023-07-12 06:57:01 --> Session: Class initialized using 'CodeIgniter\Session\Handlers\FileHandler' driver.
INFO - 2023-07-12 06:57:02 --> Session: Class initialized using 'CodeIgniter\Session\Handlers\FileHandler' driver.
INFO - 2023-07-12 06:57:11 --> Session: Class initialized using 'CodeIgniter\Session\Handlers\FileHandler' driver.
INFO - 2023-07-12 06:57:12 --> Session: Class initialized using 'CodeIgniter\Session\Handlers\FileHandler' driver.
INFO - 2023-07-12 06:57:21 --> Session: Class initialized using 'CodeIgniter\Session\Handlers\FileHandler' driver.
INFO - 2023-07-12 06:57:22 --> Session: Class initialized using 'CodeIgniter\Session\Handlers\FileHandler' driver.
INFO - 2023-07-12 06:57:31 --> Session: Class initialized using 'CodeIgniter\Session\Handlers\FileHandler' driver.
INFO - 2023-07-12 06:57:32 --> Session: Class initialized using 'CodeIgniter\Session\Handlers\FileHandler' driver.
INFO - 2023-07-12 06:57:41 --> Session: Class initialized using 'CodeIgniter\Session\Handlers\FileHandler' driver.
INFO - 2023-07-12 06:57:42 --> Session: Class initialized using 'CodeIgniter\Session\Handlers\FileHandler' driver.
INFO - 2023-07-12 06:57:55 --> Session: Class initialized using 'CodeIgniter\Session\Handlers\FileHandler' driver.
INFO - 2023-07-12 06:57:57 --> Session: Class initialized using 'CodeIgniter\Session\Handlers\FileHandler' driver.
INFO - 2023-07-12 06:58:01 --> Session: Class initialized using 'CodeIgniter\Session\Handlers\FileHandler' driver.
INFO - 2023-07-12 06:58:02 --> Session: Class initialized using 'CodeIgniter\Session\Handlers\FileHandler' driver.
INFO - 2023-07-12 06:58:31 --> Session: Class initialized using 'CodeIgniter\Session\Handlers\FileHandler' driver.
INFO - 2023-07-12 06:58:32 --> Session: Class initialized using 'CodeIgniter\Session\Handlers\FileHandler' driver.
INFO - 2023-07-12 06:59:23 --> Session: Class initialized using 'CodeIgniter\Session\Handlers\FileHandler' driver.
INFO - 2023-07-12 06:59:24 --> Session: Class initialized using 'CodeIgniter\Session\Handlers\FileHandler' driver.
INFO - 2023-07-12 06:59:31 --> Session: Class initialized using 'CodeIgniter\Session\Handlers\FileHandler' driver.
INFO - 2023-07-12 06:59:33 --> Session: Class initialized using 'CodeIgniter\Session\Handlers\FileHandler' driver.
INFO - 2023-07-12 06:59:41 --> Session: Class initialized using 'CodeIgniter\Session\Handlers\FileHandler' driver.
INFO - 2023-07-12 06:59:42 --> Session: Class initialized using 'CodeIgniter\Session\Handlers\FileHandler' driver.
INFO - 2023-07-12 06:59:43 --> Session: Class initialized using 'CodeIgniter\Session\Handlers\FileHandler' driver.
INFO - 2023-07-12 06:59:52 --> Session: Class initialized using 'CodeIgniter\Session\Handlers\FileHandler' driver.
INFO - 2023-07-12 06:59:53 --> Session: Class initialized using 'CodeIgniter\Session\Handlers\FileHandler' driver.
INFO - 2023-07-12 07:00:01 --> Session: Class initialized using 'CodeIgniter\Session\Handlers\FileHandler' driver.
INFO - 2023-07-12 07:00:01 --> Session: Class initialized using 'CodeIgniter\Session\Handlers\FileHandler' driver.
INFO - 2023-07-12 07:00:10 --> Session: Class initialized using 'CodeIgniter\Session\Handlers\FileHandler' driver.
INFO - 2023-07-12 07:00:11 --> Session: Class initialized using 'CodeIgniter\Session\Handlers\FileHandler' driver.
INFO - 2023-07-12 07:00:20 --> Session: Class initialized using 'CodeIgniter\Session\Handlers\FileHandler' driver.
INFO - 2023-07-12 07:00:22 --> Session: Class initialized using 'CodeIgniter\Session\Handlers\FileHandler' driver.
INFO - 2023-07-12 07:00:32 --> Session: Class initialized using 'CodeIgniter\Session\Handlers\FileHandler' driver.
INFO - 2023-07-12 07:00:33 --> Session: Class initialized using 'CodeIgniter\Session\Handlers\FileHandler' driver.
INFO - 2023-07-12 07:00:41 --> Session: Class initialized using 'CodeIgniter\Session\Handlers\FileHandler' driver.
INFO - 2023-07-12 07:00:42 --> Session: Class initialized using 'CodeIgniter\Session\Handlers\FileHandler' driver.
INFO - 2023-07-12 07:01:01 --> Session: Class initialized using 'CodeIgniter\Session\Handlers\FileHandler' driver.
INFO - 2023-07-12 07:01:02 --> Session: Class initialized using 'CodeIgniter\Session\Handlers\FileHandler' driver.
INFO - 2023-07-12 07:01:03 --> Session: Class initialized using 'CodeIgniter\Session\Handlers\FileHandler' driver.
INFO - 2023-07-12 07:01:03 --> Session: Class initialized using 'CodeIgniter\Session\Handlers\FileHandler' driver.
INFO - 2023-07-12 07:01:12 --> Session: Class initialized using 'CodeIgniter\Session\Handlers\FileHandler' driver.
INFO - 2023-07-12 07:01:13 --> Session: Class initialized using 'CodeIgniter\Session\Handlers\FileHandler' driver.
INFO - 2023-07-12 07:01:22 --> Session: Class initialized using 'CodeIgniter\Session\Handlers\FileHandler' driver.
INFO - 2023-07-12 07:01:23 --> Session: Class initialized using 'CodeIgniter\Session\Handlers\FileHandler' driver.
INFO - 2023-07-12 07:01:32 --> Session: Class initialized using 'CodeIgniter\Session\Handlers\FileHandler' driver.
INFO - 2023-07-12 07:03:18 --> Session: Class initialized using 'CodeIgniter\Session\Handlers\FileHandler' driver.
