CRITICAL - 2023-06-14 00:26:49 --> Undefined variable: n_time
in APPPATH\Controllers\Mailbox.php on line 366.
 1 APPPATH\Controllers\Mailbox.php(366): CodeIgniter\Debug\Exceptions->errorHandler(8, 'Undefined variable: n_time', 'APPPATH\\Controllers\\Mailbox.php', 366, [...])
 2 SYSTEMPATH\CodeIgniter.php(934): App\Controllers\Mailbox->view_messages('15')
 3 SYSTEMPATH\CodeIgniter.php(499): CodeIgniter\CodeIgniter->runController(Object(App\Controllers\Mailbox))
 4 SYSTEMPATH\CodeIgniter.php(368): CodeIgniter\CodeIgniter->handleRequest(null, Object(Config\Cache), false)
 5 FCPATH\index.php(67): CodeIgniter\CodeIgniter->run()
CRITICAL - 2023-06-14 00:26:55 --> Undefined variable: n_time
in APPPATH\Controllers\Mailbox.php on line 366.
 1 APPPATH\Controllers\Mailbox.php(366): CodeIgniter\Debug\Exceptions->errorHandler(8, 'Undefined variable: n_time', 'APPPATH\\Controllers\\Mailbox.php', 366, [...])
 2 SYSTEMPATH\CodeIgniter.php(934): App\Controllers\Mailbox->view_messages('15')
 3 SYSTEMPATH\CodeIgniter.php(499): CodeIgniter\CodeIgniter->runController(Object(App\Controllers\Mailbox))
 4 SYSTEMPATH\CodeIgniter.php(368): CodeIgniter\CodeIgniter->handleRequest(null, Object(Config\Cache), false)
 5 FCPATH\index.php(67): CodeIgniter\CodeIgniter->run()
CRITICAL - 2023-06-14 00:27:21 --> Undefined variable: n_time
in APPPATH\Controllers\Mailbox.php on line 366.
 1 APPPATH\Controllers\Mailbox.php(366): CodeIgniter\Debug\Exceptions->errorHandler(8, 'Undefined variable: n_time', 'APPPATH\\Controllers\\Mailbox.php', 366, [...])
 2 SYSTEMPATH\CodeIgniter.php(934): App\Controllers\Mailbox->view_messages('15')
 3 SYSTEMPATH\CodeIgniter.php(499): CodeIgniter\CodeIgniter->runController(Object(App\Controllers\Mailbox))
 4 SYSTEMPATH\CodeIgniter.php(368): CodeIgniter\CodeIgniter->handleRequest(null, Object(Config\Cache), false)
 5 FCPATH\index.php(67): CodeIgniter\CodeIgniter->run()
CRITICAL - 2023-06-14 00:27:32 --> Undefined variable: n_time
in APPPATH\Controllers\Mailbox.php on line 366.
 1 APPPATH\Controllers\Mailbox.php(366): CodeIgniter\Debug\Exceptions->errorHandler(8, 'Undefined variable: n_time', 'APPPATH\\Controllers\\Mailbox.php', 366, [...])
 2 SYSTEMPATH\CodeIgniter.php(934): App\Controllers\Mailbox->view_messages('15')
 3 SYSTEMPATH\CodeIgniter.php(499): CodeIgniter\CodeIgniter->runController(Object(App\Controllers\Mailbox))
 4 SYSTEMPATH\CodeIgniter.php(368): CodeIgniter\CodeIgniter->handleRequest(null, Object(Config\Cache), false)
 5 FCPATH\index.php(67): CodeIgniter\CodeIgniter->run()
