CRITICAL - 2023-02-26 00:02:06 --> Undefined property: CodeIgniter\View\View::$setting
in APPPATH\Views\header.php on line 70.
 1 APPPATH\Views\header.php(70): CodeIgniter\Debug\Exceptions->errorHandler(8, 'Undefined property: CodeIgniter\\View\\View::$setting', 'APPPATH\\Views\\header.php', 70, [])
 2 SYSTEMPATH\View\View.php(213): include('APPPATH\\Views\\header.php')
 3 SYSTEMPATH\View\View.php(216): CodeIgniter\View\View->CodeIgniter\View\{closure}()
 4 SYSTEMPATH\Common.php(1184): CodeIgniter\View\View->render('header', [], true)
 5 APPPATH\Controllers\Home.php(10): view('header')
 6 SYSTEMPATH\CodeIgniter.php(934): App\Controllers\Home->index()
 7 SYSTEMPATH\CodeIgniter.php(499): CodeIgniter\CodeIgniter->runController(Object(App\Controllers\Home))
 8 SYSTEMPATH\CodeIgniter.php(368): CodeIgniter\CodeIgniter->handleRequest(null, Object(Config\Cache), false)
 9 FCPATH\index.php(67): CodeIgniter\CodeIgniter->run()
CRITICAL - 2023-02-26 00:02:57 --> Undefined variable: _SESSION
in APPPATH\Views\header.php on line 148.
 1 APPPATH\Views\header.php(148): CodeIgniter\Debug\Exceptions->errorHandler(8, 'Undefined variable: _SESSION', 'APPPATH\\Views\\header.php', 148, [])
 2 SYSTEMPATH\View\View.php(213): include('APPPATH\\Views\\header.php')
 3 SYSTEMPATH\View\View.php(216): CodeIgniter\View\View->CodeIgniter\View\{closure}()
 4 SYSTEMPATH\Common.php(1184): CodeIgniter\View\View->render('header', [], true)
 5 APPPATH\Controllers\Home.php(10): view('header')
 6 SYSTEMPATH\CodeIgniter.php(934): App\Controllers\Home->index()
 7 SYSTEMPATH\CodeIgniter.php(499): CodeIgniter\CodeIgniter->runController(Object(App\Controllers\Home))
 8 SYSTEMPATH\CodeIgniter.php(368): CodeIgniter\CodeIgniter->handleRequest(null, Object(Config\Cache), false)
 9 FCPATH\index.php(67): CodeIgniter\CodeIgniter->run()
CRITICAL - 2023-02-26 00:12:09 --> Undefined variable: modul
in APPPATH\Views\nav.php on line 18.
 1 APPPATH\Views\nav.php(18): CodeIgniter\Debug\Exceptions->errorHandler(8, 'Undefined variable: modul', 'APPPATH\\Views\\nav.php', 18, [])
 2 SYSTEMPATH\View\View.php(213): include('APPPATH\\Views\\nav.php')
 3 SYSTEMPATH\View\View.php(216): CodeIgniter\View\View->CodeIgniter\View\{closure}()
 4 SYSTEMPATH\Common.php(1184): CodeIgniter\View\View->render('nav', [], true)
 5 APPPATH\Controllers\Home.php(11): view('nav')
 6 SYSTEMPATH\CodeIgniter.php(934): App\Controllers\Home->index()
 7 SYSTEMPATH\CodeIgniter.php(499): CodeIgniter\CodeIgniter->runController(Object(App\Controllers\Home))
 8 SYSTEMPATH\CodeIgniter.php(368): CodeIgniter\CodeIgniter->handleRequest(null, Object(Config\Cache), false)
 9 FCPATH\index.php(67): CodeIgniter\CodeIgniter->run()
CRITICAL - 2023-02-26 00:12:25 --> Undefined variable: _SESSION
in APPPATH\Views\footer.php on line 77.
 1 APPPATH\Views\footer.php(77): CodeIgniter\Debug\Exceptions->errorHandler(8, 'Undefined variable: _SESSION', 'APPPATH\\Views\\footer.php', 77, [])
 2 SYSTEMPATH\View\View.php(213): include('APPPATH\\Views\\footer.php')
 3 SYSTEMPATH\View\View.php(216): CodeIgniter\View\View->CodeIgniter\View\{closure}()
 4 SYSTEMPATH\Common.php(1184): CodeIgniter\View\View->render('footer', [], true)
 5 APPPATH\Controllers\Home.php(13): view('footer')
 6 SYSTEMPATH\CodeIgniter.php(934): App\Controllers\Home->index()
 7 SYSTEMPATH\CodeIgniter.php(499): CodeIgniter\CodeIgniter->runController(Object(App\Controllers\Home))
 8 SYSTEMPATH\CodeIgniter.php(368): CodeIgniter\CodeIgniter->handleRequest(null, Object(Config\Cache), false)
 9 FCPATH\index.php(67): CodeIgniter\CodeIgniter->run()
CRITICAL - 2023-02-26 00:12:43 --> Undefined variable: _SESSION
in APPPATH\Views\footer.php on line 77.
 1 APPPATH\Views\footer.php(77): CodeIgniter\Debug\Exceptions->errorHandler(8, 'Undefined variable: _SESSION', 'APPPATH\\Views\\footer.php', 77, [])
 2 SYSTEMPATH\View\View.php(213): include('APPPATH\\Views\\footer.php')
 3 SYSTEMPATH\View\View.php(216): CodeIgniter\View\View->CodeIgniter\View\{closure}()
 4 SYSTEMPATH\Common.php(1184): CodeIgniter\View\View->render('footer', [], true)
 5 APPPATH\Controllers\Home.php(13): view('footer')
 6 SYSTEMPATH\CodeIgniter.php(934): App\Controllers\Home->index()
 7 SYSTEMPATH\CodeIgniter.php(499): CodeIgniter\CodeIgniter->runController(Object(App\Controllers\Home))
 8 SYSTEMPATH\CodeIgniter.php(368): CodeIgniter\CodeIgniter->handleRequest(null, Object(Config\Cache), false)
 9 FCPATH\index.php(67): CodeIgniter\CodeIgniter->run()
CRITICAL - 2023-02-26 00:13:24 --> Undefined variable: modul
in APPPATH\Views\nav.php on line 18.
 1 APPPATH\Views\nav.php(18): CodeIgniter\Debug\Exceptions->errorHandler(8, 'Undefined variable: modul', 'APPPATH\\Views\\nav.php', 18, [])
 2 SYSTEMPATH\View\View.php(213): include('APPPATH\\Views\\nav.php')
 3 SYSTEMPATH\View\View.php(216): CodeIgniter\View\View->CodeIgniter\View\{closure}()
 4 SYSTEMPATH\Common.php(1184): CodeIgniter\View\View->render('nav', [], true)
 5 APPPATH\Controllers\Home.php(11): view('nav')
 6 SYSTEMPATH\CodeIgniter.php(934): App\Controllers\Home->index()
 7 SYSTEMPATH\CodeIgniter.php(499): CodeIgniter\CodeIgniter->runController(Object(App\Controllers\Home))
 8 SYSTEMPATH\CodeIgniter.php(368): CodeIgniter\CodeIgniter->handleRequest(null, Object(Config\Cache), false)
 9 FCPATH\index.php(67): CodeIgniter\CodeIgniter->run()
CRITICAL - 2023-02-26 14:03:16 --> Undefined variable: paging
in APPPATH\Views\crm\data_so.php on line 57.
 1 APPPATH\Views\crm\data_so.php(57): CodeIgniter\Debug\Exceptions->errorHandler(8, 'Undefined variable: paging', 'APPPATH\\Views\\crm\\data_so.php', 57, [])
 2 SYSTEMPATH\View\View.php(213): include('APPPATH\\Views\\crm\\data_so.php')
 3 SYSTEMPATH\View\View.php(216): CodeIgniter\View\View->CodeIgniter\View\{closure}()
 4 SYSTEMPATH\Common.php(1184): CodeIgniter\View\View->render('crm/data_so', [], true)
 5 APPPATH\Controllers\Home.php(12): view('crm/data_so')
 6 SYSTEMPATH\CodeIgniter.php(934): App\Controllers\Home->index()
 7 SYSTEMPATH\CodeIgniter.php(499): CodeIgniter\CodeIgniter->runController(Object(App\Controllers\Home))
 8 SYSTEMPATH\CodeIgniter.php(368): CodeIgniter\CodeIgniter->handleRequest(null, Object(Config\Cache), false)
 9 FCPATH\index.php(67): CodeIgniter\CodeIgniter->run()
CRITICAL - 2023-02-26 14:04:13 --> Undefined variable: paging
in APPPATH\Views\crm\data_so.php on line 56.
 1 APPPATH\Views\crm\data_so.php(56): CodeIgniter\Debug\Exceptions->errorHandler(8, 'Undefined variable: paging', 'APPPATH\\Views\\crm\\data_so.php', 56, [])
 2 SYSTEMPATH\View\View.php(213): include('APPPATH\\Views\\crm\\data_so.php')
 3 SYSTEMPATH\View\View.php(216): CodeIgniter\View\View->CodeIgniter\View\{closure}()
 4 SYSTEMPATH\Common.php(1184): CodeIgniter\View\View->render('crm/data_so', [], true)
 5 APPPATH\Controllers\Home.php(12): view('crm/data_so')
 6 SYSTEMPATH\CodeIgniter.php(934): App\Controllers\Home->index()
 7 SYSTEMPATH\CodeIgniter.php(499): CodeIgniter\CodeIgniter->runController(Object(App\Controllers\Home))
 8 SYSTEMPATH\CodeIgniter.php(368): CodeIgniter\CodeIgniter->handleRequest(null, Object(Config\Cache), false)
 9 FCPATH\index.php(67): CodeIgniter\CodeIgniter->run()
CRITICAL - 2023-02-26 14:04:16 --> Undefined variable: paging
in APPPATH\Views\crm\data_so.php on line 56.
 1 APPPATH\Views\crm\data_so.php(56): CodeIgniter\Debug\Exceptions->errorHandler(8, 'Undefined variable: paging', 'APPPATH\\Views\\crm\\data_so.php', 56, [])
 2 SYSTEMPATH\View\View.php(213): include('APPPATH\\Views\\crm\\data_so.php')
 3 SYSTEMPATH\View\View.php(216): CodeIgniter\View\View->CodeIgniter\View\{closure}()
 4 SYSTEMPATH\Common.php(1184): CodeIgniter\View\View->render('crm/data_so', [], true)
 5 APPPATH\Controllers\Home.php(12): view('crm/data_so')
 6 SYSTEMPATH\CodeIgniter.php(934): App\Controllers\Home->index()
 7 SYSTEMPATH\CodeIgniter.php(499): CodeIgniter\CodeIgniter->runController(Object(App\Controllers\Home))
 8 SYSTEMPATH\CodeIgniter.php(368): CodeIgniter\CodeIgniter->handleRequest(null, Object(Config\Cache), false)
 9 FCPATH\index.php(67): CodeIgniter\CodeIgniter->run()
CRITICAL - 2023-02-26 14:08:07 --> Undefined variable: item
in APPPATH\Views\crm\data_so.php on line 61.
 1 APPPATH\Views\crm\data_so.php(61): CodeIgniter\Debug\Exceptions->errorHandler(8, 'Undefined variable: item', 'APPPATH\\Views\\crm\\data_so.php', 61, [])
 2 SYSTEMPATH\View\View.php(213): include('APPPATH\\Views\\crm\\data_so.php')
 3 SYSTEMPATH\View\View.php(216): CodeIgniter\View\View->CodeIgniter\View\{closure}()
 4 SYSTEMPATH\Common.php(1184): CodeIgniter\View\View->render('crm/data_so', [], true)
 5 APPPATH\Controllers\Home.php(12): view('crm/data_so')
 6 SYSTEMPATH\CodeIgniter.php(934): App\Controllers\Home->index()
 7 SYSTEMPATH\CodeIgniter.php(499): CodeIgniter\CodeIgniter->runController(Object(App\Controllers\Home))
 8 SYSTEMPATH\CodeIgniter.php(368): CodeIgniter\CodeIgniter->handleRequest(null, Object(Config\Cache), false)
 9 FCPATH\index.php(67): CodeIgniter\CodeIgniter->run()
CRITICAL - 2023-02-26 14:08:57 --> Undefined variable: i
in APPPATH\Views\crm\data_so.php on line 147.
 1 APPPATH\Views\crm\data_so.php(147): CodeIgniter\Debug\Exceptions->errorHandler(8, 'Undefined variable: i', 'APPPATH\\Views\\crm\\data_so.php', 147, [])
 2 SYSTEMPATH\View\View.php(213): include('APPPATH\\Views\\crm\\data_so.php')
 3 SYSTEMPATH\View\View.php(216): CodeIgniter\View\View->CodeIgniter\View\{closure}()
 4 SYSTEMPATH\Common.php(1184): CodeIgniter\View\View->render('crm/data_so', [], true)
 5 APPPATH\Controllers\Home.php(12): view('crm/data_so')
 6 SYSTEMPATH\CodeIgniter.php(934): App\Controllers\Home->index()
 7 SYSTEMPATH\CodeIgniter.php(499): CodeIgniter\CodeIgniter->runController(Object(App\Controllers\Home))
 8 SYSTEMPATH\CodeIgniter.php(368): CodeIgniter\CodeIgniter->handleRequest(null, Object(Config\Cache), false)
 9 FCPATH\index.php(67): CodeIgniter\CodeIgniter->run()
