CRITICAL - 2023-02-27 02:56:43 --> Undefined property: CodeIgniter\View\View::$load
in APPPATH\Views\home\homepage.php on line 59.
 1 APPPATH\Views\home\homepage.php(59): CodeIgniter\Debug\Exceptions->errorHandler(8, 'Undefined property: CodeIgniter\\View\\View::$load', 'APPPATH\\Views\\home\\homepage.php', 59, [])
 2 SYSTEMPATH\View\View.php(213): include('APPPATH\\Views\\home\\homepage.php')
 3 SYSTEMPATH\View\View.php(216): CodeIgniter\View\View->CodeIgniter\View\{closure}()
 4 SYSTEMPATH\Common.php(1184): CodeIgniter\View\View->render('home/homepage', [], true)
 5 APPPATH\Controllers\Home.php(12): view('home/homepage')
 6 SYSTEMPATH\CodeIgniter.php(934): App\Controllers\Home->index()
 7 SYSTEMPATH\CodeIgniter.php(499): CodeIgniter\CodeIgniter->runController(Object(App\Controllers\Home))
 8 SYSTEMPATH\CodeIgniter.php(368): CodeIgniter\CodeIgniter->handleRequest(null, Object(Config\Cache), false)
 9 FCPATH\index.php(67): CodeIgniter\CodeIgniter->run()
CRITICAL - 2023-02-27 03:00:37 --> Undefined variable: bantuan
in APPPATH\Views\home\homepage.php on line 114.
 1 APPPATH\Views\home\homepage.php(114): CodeIgniter\Debug\Exceptions->errorHandler(8, 'Undefined variable: bantuan', 'APPPATH\\Views\\home\\homepage.php', 114, [])
 2 SYSTEMPATH\View\View.php(213): include('APPPATH\\Views\\home\\homepage.php')
 3 SYSTEMPATH\View\View.php(216): CodeIgniter\View\View->CodeIgniter\View\{closure}()
 4 SYSTEMPATH\Common.php(1184): CodeIgniter\View\View->render('home/homepage', [], true)
 5 APPPATH\Controllers\Home.php(12): view('home/homepage')
 6 SYSTEMPATH\CodeIgniter.php(934): App\Controllers\Home->index()
 7 SYSTEMPATH\CodeIgniter.php(499): CodeIgniter\CodeIgniter->runController(Object(App\Controllers\Home))
 8 SYSTEMPATH\CodeIgniter.php(368): CodeIgniter\CodeIgniter->handleRequest(null, Object(Config\Cache), false)
 9 FCPATH\index.php(67): CodeIgniter\CodeIgniter->run()
CRITICAL - 2023-02-27 04:03:18 --> The namespace delimiter is a backslash (\), not a slash (/). Route handler: "\App\Controllers\SalesOrder/details"
in SYSTEMPATH\Router\Router.php on line 474.
 1 SYSTEMPATH\Router\Router.php(474): CodeIgniter\Router\Exceptions\RouterException::forInvalidControllerName('\\App\\Controllers\\SalesOrder/details')
 2 SYSTEMPATH\Router\Router.php(182): CodeIgniter\Router\Router->checkRoutes('salesorder/details')
 3 SYSTEMPATH\CodeIgniter.php(815): CodeIgniter\Router\Router->handle('salesorder/details')
 4 SYSTEMPATH\CodeIgniter.php(449): CodeIgniter\CodeIgniter->tryToRouteIt(Object(CodeIgniter\Router\RouteCollection))
 5 SYSTEMPATH\CodeIgniter.php(368): CodeIgniter\CodeIgniter->handleRequest(null, Object(Config\Cache), false)
 6 FCPATH\index.php(67): CodeIgniter\CodeIgniter->run()
CRITICAL - 2023-02-27 04:03:40 --> The namespace delimiter is a backslash (\), not a slash (/). Route handler: "\App\Controllers\SalesOrder/details"
in SYSTEMPATH\Router\Router.php on line 474.
 1 SYSTEMPATH\Router\Router.php(474): CodeIgniter\Router\Exceptions\RouterException::forInvalidControllerName('\\App\\Controllers\\SalesOrder/details')
 2 SYSTEMPATH\Router\Router.php(182): CodeIgniter\Router\Router->checkRoutes('salesorder/details')
 3 SYSTEMPATH\CodeIgniter.php(815): CodeIgniter\Router\Router->handle('salesorder/details')
 4 SYSTEMPATH\CodeIgniter.php(449): CodeIgniter\CodeIgniter->tryToRouteIt(Object(CodeIgniter\Router\RouteCollection))
 5 SYSTEMPATH\CodeIgniter.php(368): CodeIgniter\CodeIgniter->handleRequest(null, Object(Config\Cache), false)
 6 FCPATH\index.php(67): CodeIgniter\CodeIgniter->run()
CRITICAL - 2023-02-27 04:05:05 --> The namespace delimiter is a backslash (\), not a slash (/). Route handler: "\App\Controllers\SalesOrder/details"
in SYSTEMPATH\Router\Router.php on line 474.
 1 SYSTEMPATH\Router\Router.php(474): CodeIgniter\Router\Exceptions\RouterException::forInvalidControllerName('\\App\\Controllers\\SalesOrder/details')
 2 SYSTEMPATH\Router\Router.php(182): CodeIgniter\Router\Router->checkRoutes('salesorder/details')
 3 SYSTEMPATH\CodeIgniter.php(815): CodeIgniter\Router\Router->handle('salesorder/details')
 4 SYSTEMPATH\CodeIgniter.php(449): CodeIgniter\CodeIgniter->tryToRouteIt(Object(CodeIgniter\Router\RouteCollection))
 5 SYSTEMPATH\CodeIgniter.php(368): CodeIgniter\CodeIgniter->handleRequest(null, Object(Config\Cache), false)
 6 FCPATH\index.php(67): CodeIgniter\CodeIgniter->run()
CRITICAL - 2023-02-27 04:05:17 --> The namespace delimiter is a backslash (\), not a slash (/). Route handler: "\App\Controllers\SalesOrder/details"
in SYSTEMPATH\Router\Router.php on line 474.
 1 SYSTEMPATH\Router\Router.php(474): CodeIgniter\Router\Exceptions\RouterException::forInvalidControllerName('\\App\\Controllers\\SalesOrder/details')
 2 SYSTEMPATH\Router\Router.php(182): CodeIgniter\Router\Router->checkRoutes('salesorder/details')
 3 SYSTEMPATH\CodeIgniter.php(815): CodeIgniter\Router\Router->handle('salesorder/details')
 4 SYSTEMPATH\CodeIgniter.php(449): CodeIgniter\CodeIgniter->tryToRouteIt(Object(CodeIgniter\Router\RouteCollection))
 5 SYSTEMPATH\CodeIgniter.php(368): CodeIgniter\CodeIgniter->handleRequest(null, Object(Config\Cache), false)
 6 FCPATH\index.php(67): CodeIgniter\CodeIgniter->run()
CRITICAL - 2023-02-27 04:06:14 --> The namespace delimiter is a backslash (\), not a slash (/). Route handler: "\App\Controllers\SalesOrder/details"
in SYSTEMPATH\Router\Router.php on line 474.
 1 SYSTEMPATH\Router\Router.php(474): CodeIgniter\Router\Exceptions\RouterException::forInvalidControllerName('\\App\\Controllers\\SalesOrder/details')
 2 SYSTEMPATH\Router\Router.php(182): CodeIgniter\Router\Router->checkRoutes('salesorder/details')
 3 SYSTEMPATH\CodeIgniter.php(815): CodeIgniter\Router\Router->handle('salesorder/details')
 4 SYSTEMPATH\CodeIgniter.php(449): CodeIgniter\CodeIgniter->tryToRouteIt(Object(CodeIgniter\Router\RouteCollection))
 5 SYSTEMPATH\CodeIgniter.php(368): CodeIgniter\CodeIgniter->handleRequest(null, Object(Config\Cache), false)
 6 FCPATH\index.php(67): CodeIgniter\CodeIgniter->run()
CRITICAL - 2023-02-27 04:16:56 --> The namespace delimiter is a backslash (\), not a slash (/). Route handler: "\App\Controllers\SalesOrder/details"
in SYSTEMPATH\Router\Router.php on line 474.
 1 SYSTEMPATH\Router\Router.php(474): CodeIgniter\Router\Exceptions\RouterException::forInvalidControllerName('\\App\\Controllers\\SalesOrder/details')
 2 SYSTEMPATH\Router\Router.php(182): CodeIgniter\Router\Router->checkRoutes('salesorder/details')
 3 SYSTEMPATH\CodeIgniter.php(815): CodeIgniter\Router\Router->handle('salesorder/details')
 4 SYSTEMPATH\CodeIgniter.php(449): CodeIgniter\CodeIgniter->tryToRouteIt(Object(CodeIgniter\Router\RouteCollection))
 5 SYSTEMPATH\CodeIgniter.php(368): CodeIgniter\CodeIgniter->handleRequest(null, Object(Config\Cache), false)
 6 FCPATH\index.php(67): CodeIgniter\CodeIgniter->run()
CRITICAL - 2023-02-27 08:52:48 --> syntax error, unexpected '1' (T_LNUMBER), expecting variable (T_VARIABLE)
in APPPATH\Controllers\SalesOrder.php on line 26.
 1 SYSTEMPATH\Autoloader\Autoloader.php(289): CodeIgniter\Autoloader\Autoloader->includeFile('APPPATH\\Controllers\\SalesOrder.php')
 2 SYSTEMPATH\Autoloader\Autoloader.php(267): CodeIgniter\Autoloader\Autoloader->loadInNamespace('App\\Controllers\\SalesOrder')
 3 [internal function]: CodeIgniter\Autoloader\Autoloader->loadClass('App\\Controllers\\SalesOrder')
 4 [internal function]: spl_autoload_call('App\\Controllers\\SalesOrder')
 5 SYSTEMPATH\CodeIgniter.php(892): class_exists('\\App\\Controllers\\SalesOrder', true)
 6 SYSTEMPATH\CodeIgniter.php(486): CodeIgniter\CodeIgniter->startController()
 7 SYSTEMPATH\CodeIgniter.php(368): CodeIgniter\CodeIgniter->handleRequest(null, Object(Config\Cache), false)
 8 FCPATH\index.php(67): CodeIgniter\CodeIgniter->run()
CRITICAL - 2023-02-27 08:53:20 --> syntax error, unexpected '1' (T_LNUMBER), expecting variable (T_VARIABLE)
in APPPATH\Controllers\SalesOrder.php on line 26.
 1 SYSTEMPATH\Autoloader\Autoloader.php(289): CodeIgniter\Autoloader\Autoloader->includeFile('APPPATH\\Controllers\\SalesOrder.php')
 2 SYSTEMPATH\Autoloader\Autoloader.php(267): CodeIgniter\Autoloader\Autoloader->loadInNamespace('App\\Controllers\\SalesOrder')
 3 [internal function]: CodeIgniter\Autoloader\Autoloader->loadClass('App\\Controllers\\SalesOrder')
 4 [internal function]: spl_autoload_call('App\\Controllers\\SalesOrder')
 5 SYSTEMPATH\CodeIgniter.php(892): class_exists('\\App\\Controllers\\SalesOrder', true)
 6 SYSTEMPATH\CodeIgniter.php(486): CodeIgniter\CodeIgniter->startController()
 7 SYSTEMPATH\CodeIgniter.php(368): CodeIgniter\CodeIgniter->handleRequest(null, Object(Config\Cache), false)
 8 FCPATH\index.php(67): CodeIgniter\CodeIgniter->run()
CRITICAL - 2023-02-27 08:53:21 --> syntax error, unexpected '1' (T_LNUMBER), expecting variable (T_VARIABLE)
in APPPATH\Controllers\SalesOrder.php on line 26.
 1 SYSTEMPATH\Autoloader\Autoloader.php(289): CodeIgniter\Autoloader\Autoloader->includeFile('APPPATH\\Controllers\\SalesOrder.php')
 2 SYSTEMPATH\Autoloader\Autoloader.php(267): CodeIgniter\Autoloader\Autoloader->loadInNamespace('App\\Controllers\\SalesOrder')
 3 [internal function]: CodeIgniter\Autoloader\Autoloader->loadClass('App\\Controllers\\SalesOrder')
 4 [internal function]: spl_autoload_call('App\\Controllers\\SalesOrder')
 5 SYSTEMPATH\CodeIgniter.php(892): class_exists('\\App\\Controllers\\SalesOrder', true)
 6 SYSTEMPATH\CodeIgniter.php(486): CodeIgniter\CodeIgniter->startController()
 7 SYSTEMPATH\CodeIgniter.php(368): CodeIgniter\CodeIgniter->handleRequest(null, Object(Config\Cache), false)
 8 FCPATH\index.php(67): CodeIgniter\CodeIgniter->run()
CRITICAL - 2023-02-27 08:53:22 --> syntax error, unexpected '1' (T_LNUMBER), expecting variable (T_VARIABLE)
in APPPATH\Controllers\SalesOrder.php on line 26.
 1 SYSTEMPATH\Autoloader\Autoloader.php(289): CodeIgniter\Autoloader\Autoloader->includeFile('APPPATH\\Controllers\\SalesOrder.php')
 2 SYSTEMPATH\Autoloader\Autoloader.php(267): CodeIgniter\Autoloader\Autoloader->loadInNamespace('App\\Controllers\\SalesOrder')
 3 [internal function]: CodeIgniter\Autoloader\Autoloader->loadClass('App\\Controllers\\SalesOrder')
 4 [internal function]: spl_autoload_call('App\\Controllers\\SalesOrder')
 5 SYSTEMPATH\CodeIgniter.php(892): class_exists('\\App\\Controllers\\SalesOrder', true)
 6 SYSTEMPATH\CodeIgniter.php(486): CodeIgniter\CodeIgniter->startController()
 7 SYSTEMPATH\CodeIgniter.php(368): CodeIgniter\CodeIgniter->handleRequest(null, Object(Config\Cache), false)
 8 FCPATH\index.php(67): CodeIgniter\CodeIgniter->run()
CRITICAL - 2023-02-27 08:53:25 --> syntax error, unexpected '1' (T_LNUMBER), expecting variable (T_VARIABLE)
in APPPATH\Controllers\SalesOrder.php on line 26.
 1 SYSTEMPATH\Autoloader\Autoloader.php(289): CodeIgniter\Autoloader\Autoloader->includeFile('APPPATH\\Controllers\\SalesOrder.php')
 2 SYSTEMPATH\Autoloader\Autoloader.php(267): CodeIgniter\Autoloader\Autoloader->loadInNamespace('App\\Controllers\\SalesOrder')
 3 [internal function]: CodeIgniter\Autoloader\Autoloader->loadClass('App\\Controllers\\SalesOrder')
 4 [internal function]: spl_autoload_call('App\\Controllers\\SalesOrder')
 5 SYSTEMPATH\CodeIgniter.php(892): class_exists('\\App\\Controllers\\SalesOrder', true)
 6 SYSTEMPATH\CodeIgniter.php(486): CodeIgniter\CodeIgniter->startController()
 7 SYSTEMPATH\CodeIgniter.php(368): CodeIgniter\CodeIgniter->handleRequest(null, Object(Config\Cache), false)
 8 FCPATH\index.php(67): CodeIgniter\CodeIgniter->run()
CRITICAL - 2023-02-27 08:53:48 --> syntax error, unexpected '1' (T_LNUMBER), expecting variable (T_VARIABLE)
in APPPATH\Controllers\SalesOrder.php on line 26.
 1 SYSTEMPATH\Autoloader\Autoloader.php(289): CodeIgniter\Autoloader\Autoloader->includeFile('APPPATH\\Controllers\\SalesOrder.php')
 2 SYSTEMPATH\Autoloader\Autoloader.php(267): CodeIgniter\Autoloader\Autoloader->loadInNamespace('App\\Controllers\\SalesOrder')
 3 [internal function]: CodeIgniter\Autoloader\Autoloader->loadClass('App\\Controllers\\SalesOrder')
 4 [internal function]: spl_autoload_call('App\\Controllers\\SalesOrder')
 5 SYSTEMPATH\CodeIgniter.php(892): class_exists('\\App\\Controllers\\SalesOrder', true)
 6 SYSTEMPATH\CodeIgniter.php(486): CodeIgniter\CodeIgniter->startController()
 7 SYSTEMPATH\CodeIgniter.php(368): CodeIgniter\CodeIgniter->handleRequest(null, Object(Config\Cache), false)
 8 FCPATH\index.php(67): CodeIgniter\CodeIgniter->run()
CRITICAL - 2023-02-27 08:53:49 --> syntax error, unexpected '1' (T_LNUMBER), expecting variable (T_VARIABLE)
in APPPATH\Controllers\SalesOrder.php on line 26.
 1 SYSTEMPATH\Autoloader\Autoloader.php(289): CodeIgniter\Autoloader\Autoloader->includeFile('APPPATH\\Controllers\\SalesOrder.php')
 2 SYSTEMPATH\Autoloader\Autoloader.php(267): CodeIgniter\Autoloader\Autoloader->loadInNamespace('App\\Controllers\\SalesOrder')
 3 [internal function]: CodeIgniter\Autoloader\Autoloader->loadClass('App\\Controllers\\SalesOrder')
 4 [internal function]: spl_autoload_call('App\\Controllers\\SalesOrder')
 5 SYSTEMPATH\CodeIgniter.php(892): class_exists('\\App\\Controllers\\SalesOrder', true)
 6 SYSTEMPATH\CodeIgniter.php(486): CodeIgniter\CodeIgniter->startController()
 7 SYSTEMPATH\CodeIgniter.php(368): CodeIgniter\CodeIgniter->handleRequest(null, Object(Config\Cache), false)
 8 FCPATH\index.php(67): CodeIgniter\CodeIgniter->run()
CRITICAL - 2023-02-27 08:53:50 --> syntax error, unexpected '1' (T_LNUMBER), expecting variable (T_VARIABLE)
in APPPATH\Controllers\SalesOrder.php on line 26.
 1 SYSTEMPATH\Autoloader\Autoloader.php(289): CodeIgniter\Autoloader\Autoloader->includeFile('APPPATH\\Controllers\\SalesOrder.php')
 2 SYSTEMPATH\Autoloader\Autoloader.php(267): CodeIgniter\Autoloader\Autoloader->loadInNamespace('App\\Controllers\\SalesOrder')
 3 [internal function]: CodeIgniter\Autoloader\Autoloader->loadClass('App\\Controllers\\SalesOrder')
 4 [internal function]: spl_autoload_call('App\\Controllers\\SalesOrder')
 5 SYSTEMPATH\CodeIgniter.php(892): class_exists('\\App\\Controllers\\SalesOrder', true)
 6 SYSTEMPATH\CodeIgniter.php(486): CodeIgniter\CodeIgniter->startController()
 7 SYSTEMPATH\CodeIgniter.php(368): CodeIgniter\CodeIgniter->handleRequest(null, Object(Config\Cache), false)
 8 FCPATH\index.php(67): CodeIgniter\CodeIgniter->run()
CRITICAL - 2023-02-27 08:53:53 --> syntax error, unexpected '1' (T_LNUMBER), expecting variable (T_VARIABLE)
in APPPATH\Controllers\SalesOrder.php on line 26.
 1 SYSTEMPATH\Autoloader\Autoloader.php(289): CodeIgniter\Autoloader\Autoloader->includeFile('APPPATH\\Controllers\\SalesOrder.php')
 2 SYSTEMPATH\Autoloader\Autoloader.php(267): CodeIgniter\Autoloader\Autoloader->loadInNamespace('App\\Controllers\\SalesOrder')
 3 [internal function]: CodeIgniter\Autoloader\Autoloader->loadClass('App\\Controllers\\SalesOrder')
 4 [internal function]: spl_autoload_call('App\\Controllers\\SalesOrder')
 5 SYSTEMPATH\CodeIgniter.php(892): class_exists('\\App\\Controllers\\SalesOrder', true)
 6 SYSTEMPATH\CodeIgniter.php(486): CodeIgniter\CodeIgniter->startController()
 7 SYSTEMPATH\CodeIgniter.php(368): CodeIgniter\CodeIgniter->handleRequest(null, Object(Config\Cache), false)
 8 FCPATH\index.php(67): CodeIgniter\CodeIgniter->run()
CRITICAL - 2023-02-27 08:57:54 --> Undefined variable: p
in APPPATH\Views\crm\data_so_view.php on line 27.
 1 APPPATH\Views\crm\data_so_view.php(27): CodeIgniter\Debug\Exceptions->errorHandler(8, 'Undefined variable: p', 'APPPATH\\Views\\crm\\data_so_view.php', 27, [])
 2 SYSTEMPATH\View\View.php(213): include('APPPATH\\Views\\crm\\data_so_view.php')
 3 SYSTEMPATH\View\View.php(216): CodeIgniter\View\View->CodeIgniter\View\{closure}()
 4 SYSTEMPATH\Common.php(1184): CodeIgniter\View\View->render('crm/data_so_view', [], true)
 5 APPPATH\Controllers\SalesOrder.php(30): view('crm/data_so_view')
 6 SYSTEMPATH\CodeIgniter.php(934): App\Controllers\SalesOrder->soview('1')
 7 SYSTEMPATH\CodeIgniter.php(499): CodeIgniter\CodeIgniter->runController(Object(App\Controllers\SalesOrder))
 8 SYSTEMPATH\CodeIgniter.php(368): CodeIgniter\CodeIgniter->handleRequest(null, Object(Config\Cache), false)
 9 FCPATH\index.php(67): CodeIgniter\CodeIgniter->run()
CRITICAL - 2023-02-27 08:57:54 --> Undefined variable: p
in APPPATH\Views\crm\data_so_view.php on line 27.
 1 APPPATH\Views\crm\data_so_view.php(27): CodeIgniter\Debug\Exceptions->errorHandler(8, 'Undefined variable: p', 'APPPATH\\Views\\crm\\data_so_view.php', 27, [])
 2 SYSTEMPATH\View\View.php(213): include('APPPATH\\Views\\crm\\data_so_view.php')
 3 SYSTEMPATH\View\View.php(216): CodeIgniter\View\View->CodeIgniter\View\{closure}()
 4 SYSTEMPATH\Common.php(1184): CodeIgniter\View\View->render('crm/data_so_view', [], true)
 5 APPPATH\Controllers\SalesOrder.php(30): view('crm/data_so_view')
 6 SYSTEMPATH\CodeIgniter.php(934): App\Controllers\SalesOrder->soview('FCPATH\\favicon.ico')
 7 SYSTEMPATH\CodeIgniter.php(499): CodeIgniter\CodeIgniter->runController(Object(App\Controllers\SalesOrder))
 8 SYSTEMPATH\CodeIgniter.php(368): CodeIgniter\CodeIgniter->handleRequest(null, Object(Config\Cache), false)
 9 FCPATH\index.php(67): CodeIgniter\CodeIgniter->run()
CRITICAL - 2023-02-27 09:01:25 --> Undefined variable: data
in APPPATH\Views\crm\data_so_view.php on line 90.
 1 APPPATH\Views\crm\data_so_view.php(90): CodeIgniter\Debug\Exceptions->errorHandler(8, 'Undefined variable: data', 'APPPATH\\Views\\crm\\data_so_view.php', 90, [])
 2 SYSTEMPATH\View\View.php(213): include('APPPATH\\Views\\crm\\data_so_view.php')
 3 SYSTEMPATH\View\View.php(216): CodeIgniter\View\View->CodeIgniter\View\{closure}()
 4 SYSTEMPATH\Common.php(1184): CodeIgniter\View\View->render('crm/data_so_view', [], true)
 5 APPPATH\Controllers\SalesOrder.php(30): view('crm/data_so_view')
 6 SYSTEMPATH\CodeIgniter.php(934): App\Controllers\SalesOrder->soview('1')
 7 SYSTEMPATH\CodeIgniter.php(499): CodeIgniter\CodeIgniter->runController(Object(App\Controllers\SalesOrder))
 8 SYSTEMPATH\CodeIgniter.php(368): CodeIgniter\CodeIgniter->handleRequest(null, Object(Config\Cache), false)
 9 FCPATH\index.php(67): CodeIgniter\CodeIgniter->run()
CRITICAL - 2023-02-27 09:01:25 --> Undefined variable: data
in APPPATH\Views\crm\data_so_view.php on line 90.
 1 APPPATH\Views\crm\data_so_view.php(90): CodeIgniter\Debug\Exceptions->errorHandler(8, 'Undefined variable: data', 'APPPATH\\Views\\crm\\data_so_view.php', 90, [])
 2 SYSTEMPATH\View\View.php(213): include('APPPATH\\Views\\crm\\data_so_view.php')
 3 SYSTEMPATH\View\View.php(216): CodeIgniter\View\View->CodeIgniter\View\{closure}()
 4 SYSTEMPATH\Common.php(1184): CodeIgniter\View\View->render('crm/data_so_view', [], true)
 5 APPPATH\Controllers\SalesOrder.php(30): view('crm/data_so_view')
 6 SYSTEMPATH\CodeIgniter.php(934): App\Controllers\SalesOrder->soview('FCPATH\\favicon.ico')
 7 SYSTEMPATH\CodeIgniter.php(499): CodeIgniter\CodeIgniter->runController(Object(App\Controllers\SalesOrder))
 8 SYSTEMPATH\CodeIgniter.php(368): CodeIgniter\CodeIgniter->handleRequest(null, Object(Config\Cache), false)
 9 FCPATH\index.php(67): CodeIgniter\CodeIgniter->run()
